Build started 11/14/2013 1:46:37 PM.
     1>Project "C:\Users\Hillary\Desktop\Punchout\HolePunch\HolePunch.vcxproj" on node 2 (Build target(s)).
     1>ClCompile:
         C:\Program Files (x86)\Microsoft Visual Studio 11.0\VC\bin\CL.exe /c /ZI /nologo /W3 /WX- /sdl /Od /Oy- /D _UNICODE /D UNICODE /Gm /EHsc /RTC1 /MDd /GS /fp:precise /Zc:wchar_t /Zc:forScope /Fo"Debug\\" /Fd"Debug\vc110.pdb" /Gd /TP /analyze- /errorReport:prompt cameraclass.cpp colorshaderclass.cpp d3dclass.cpp graphicsclass.cpp lightshaderclass.cpp main.cpp modelclass.cpp systemclass.cpp textureclass.cpp
         textureclass.cpp
     1>c:\program files (x86)\microsoft directx sdk (june 2010)\include\dxgitype.h(12): warning C4005: 'DXGI_STATUS_OCCLUDED' : macro redefinition
                 c:\program files (x86)\windows kits\8.0\include\shared\winerror.h(49449) : see previous definition of 'DXGI_STATUS_OCCLUDED'
     1>c:\program files (x86)\microsoft directx sdk (june 2010)\include\dxgitype.h(13): warning C4005: 'DXGI_STATUS_CLIPPED' : macro redefinition
                 c:\program files (x86)\windows kits\8.0\include\shared\winerror.h(49458) : see previous definition of 'DXGI_STATUS_CLIPPED'
     1>c:\program files (x86)\microsoft directx sdk (june 2010)\include\dxgitype.h(14): warning C4005: 'DXGI_STATUS_NO_REDIRECTION' : macro redefinition
                 c:\program files (x86)\windows kits\8.0\include\shared\winerror.h(49467) : see previous definition of 'DXGI_STATUS_NO_REDIRECTION'
     1>c:\program files (x86)\microsoft directx sdk (june 2010)\include\dxgitype.h(15): warning C4005: 'DXGI_STATUS_NO_DESKTOP_ACCESS' : macro redefinition
                 c:\program files (x86)\windows kits\8.0\include\shared\winerror.h(49476) : see previous definition of 'DXGI_STATUS_NO_DESKTOP_ACCESS'
     1>c:\program files (x86)\microsoft directx sdk (june 2010)\include\dxgitype.h(16): warning C4005: 'DXGI_STATUS_GRAPHICS_VIDPN_SOURCE_IN_USE' : macro redefinition
                 c:\program files (x86)\windows kits\8.0\include\shared\winerror.h(49485) : see previous definition of 'DXGI_STATUS_GRAPHICS_VIDPN_SOURCE_IN_USE'
     1>c:\program files (x86)\microsoft directx sdk (june 2010)\include\dxgitype.h(17): warning C4005: 'DXGI_STATUS_MODE_CHANGED' : macro redefinition
                 c:\program files (x86)\windows kits\8.0\include\shared\winerror.h(49494) : see previous definition of 'DXGI_STATUS_MODE_CHANGED'
     1>c:\program files (x86)\microsoft directx sdk (june 2010)\include\dxgitype.h(18): warning C4005: 'DXGI_STATUS_MODE_CHANGE_IN_PROGRESS' : macro redefinition
                 c:\program files (x86)\windows kits\8.0\include\shared\winerror.h(49503) : see previous definition of 'DXGI_STATUS_MODE_CHANGE_IN_PROGRESS'
     1>c:\program files (x86)\microsoft directx sdk (june 2010)\include\dxgitype.h(21): warning C4005: 'DXGI_ERROR_INVALID_CALL' : macro redefinition
                 c:\program files (x86)\windows kits\8.0\include\shared\winerror.h(49518) : see previous definition of 'DXGI_ERROR_INVALID_CALL'
     1>c:\program files (x86)\microsoft directx sdk (june 2010)\include\dxgitype.h(22): warning C4005: 'DXGI_ERROR_NOT_FOUND' : macro redefinition
                 c:\program files (x86)\windows kits\8.0\include\shared\winerror.h(49527) : see previous definition of 'DXGI_ERROR_NOT_FOUND'
     1>c:\program files (x86)\microsoft directx sdk (june 2010)\include\dxgitype.h(23): warning C4005: 'DXGI_ERROR_MORE_DATA' : macro redefinition
                 c:\program files (x86)\windows kits\8.0\include\shared\winerror.h(49536) : see previous definition of 'DXGI_ERROR_MORE_DATA'
     1>c:\program files (x86)\microsoft directx sdk (june 2010)\include\dxgitype.h(24): warning C4005: 'DXGI_ERROR_UNSUPPORTED' : macro redefinition
                 c:\program files (x86)\windows kits\8.0\include\shared\winerror.h(49545) : see previous definition of 'DXGI_ERROR_UNSUPPORTED'
     1>c:\program files (x86)\microsoft directx sdk (june 2010)\include\dxgitype.h(25): warning C4005: 'DXGI_ERROR_DEVICE_REMOVED' : macro redefinition
                 c:\program files (x86)\windows kits\8.0\include\shared\winerror.h(49554) : see previous definition of 'DXGI_ERROR_DEVICE_REMOVED'
     1>c:\program files (x86)\microsoft directx sdk (june 2010)\include\dxgitype.h(26): warning C4005: 'DXGI_ERROR_DEVICE_HUNG' : macro redefinition
                 c:\program files (x86)\windows kits\8.0\include\shared\winerror.h(49563) : see previous definition of 'DXGI_ERROR_DEVICE_HUNG'
     1>c:\program files (x86)\microsoft directx sdk (june 2010)\include\dxgitype.h(27): warning C4005: 'DXGI_ERROR_DEVICE_RESET' : macro redefinition
                 c:\program files (x86)\windows kits\8.0\include\shared\winerror.h(49573) : see previous definition of 'DXGI_ERROR_DEVICE_RESET'
     1>c:\program files (x86)\microsoft directx sdk (june 2010)\include\dxgitype.h(28): warning C4005: 'DXGI_ERROR_WAS_STILL_DRAWING' : macro redefinition
                 c:\program files (x86)\windows kits\8.0\include\shared\winerror.h(49582) : see previous definition of 'DXGI_ERROR_WAS_STILL_DRAWING'
     1>c:\program files (x86)\microsoft directx sdk (june 2010)\include\dxgitype.h(29): warning C4005: 'DXGI_ERROR_FRAME_STATISTICS_DISJOINT' : macro redefinition
                 c:\program files (x86)\windows kits\8.0\include\shared\winerror.h(49592) : see previous definition of 'DXGI_ERROR_FRAME_STATISTICS_DISJOINT'
     1>c:\program files (x86)\microsoft directx sdk (june 2010)\include\dxgitype.h(30): warning C4005: 'DXGI_ERROR_GRAPHICS_VIDPN_SOURCE_IN_USE' : macro redefinition
                 c:\program files (x86)\windows kits\8.0\include\shared\winerror.h(49601) : see previous definition of 'DXGI_ERROR_GRAPHICS_VIDPN_SOURCE_IN_USE'
     1>c:\program files (x86)\microsoft directx sdk (june 2010)\include\dxgitype.h(31): warning C4005: 'DXGI_ERROR_DRIVER_INTERNAL_ERROR' : macro redefinition
                 c:\program files (x86)\windows kits\8.0\include\shared\winerror.h(49611) : see previous definition of 'DXGI_ERROR_DRIVER_INTERNAL_ERROR'
     1>c:\program files (x86)\microsoft directx sdk (june 2010)\include\dxgitype.h(32): warning C4005: 'DXGI_ERROR_NONEXCLUSIVE' : macro redefinition
                 c:\program files (x86)\windows kits\8.0\include\shared\winerror.h(49620) : see previous definition of 'DXGI_ERROR_NONEXCLUSIVE'
     1>c:\program files (x86)\microsoft directx sdk (june 2010)\include\dxgitype.h(33): warning C4005: 'DXGI_ERROR_NOT_CURRENTLY_AVAILABLE' : macro redefinition
                 c:\program files (x86)\windows kits\8.0\include\shared\winerror.h(49629) : see previous definition of 'DXGI_ERROR_NOT_CURRENTLY_AVAILABLE'
     1>c:\program files (x86)\microsoft directx sdk (june 2010)\include\dxgitype.h(34): warning C4005: 'DXGI_ERROR_REMOTE_CLIENT_DISCONNECTED' : macro redefinition
                 c:\program files (x86)\windows kits\8.0\include\shared\winerror.h(49639) : see previous definition of 'DXGI_ERROR_REMOTE_CLIENT_DISCONNECTED'
     1>c:\program files (x86)\microsoft directx sdk (june 2010)\include\dxgitype.h(35): warning C4005: 'DXGI_ERROR_REMOTE_OUTOFMEMORY' : macro redefinition
                 c:\program files (x86)\windows kits\8.0\include\shared\winerror.h(49648) : see previous definition of 'DXGI_ERROR_REMOTE_OUTOFMEMORY'
     1>c:\program files (x86)\microsoft directx sdk (june 2010)\include\d3d11.h(917): warning C4005: 'D3D11_ERROR_TOO_MANY_UNIQUE_STATE_OBJECTS' : macro redefinition
                 c:\program files (x86)\windows kits\8.0\include\shared\winerror.h(49817) : see previous definition of 'D3D11_ERROR_TOO_MANY_UNIQUE_STATE_OBJECTS'
     1>c:\program files (x86)\microsoft directx sdk (june 2010)\include\d3d11.h(918): warning C4005: 'D3D11_ERROR_FILE_NOT_FOUND' : macro redefinition
                 c:\program files (x86)\windows kits\8.0\include\shared\winerror.h(49826) : see previous definition of 'D3D11_ERROR_FILE_NOT_FOUND'
     1>c:\program files (x86)\microsoft directx sdk (june 2010)\include\d3d11.h(919): warning C4005: 'D3D11_ERROR_TOO_MANY_UNIQUE_VIEW_OBJECTS' : macro redefinition
                 c:\program files (x86)\windows kits\8.0\include\shared\winerror.h(49836) : see previous definition of 'D3D11_ERROR_TOO_MANY_UNIQUE_VIEW_OBJECTS'
     1>c:\program files (x86)\microsoft directx sdk (june 2010)\include\d3d11.h(920): warning C4005: 'D3D11_ERROR_DEFERRED_CONTEXT_MAP_WITHOUT_INITIAL_DISCARD' : macro redefinition
                 c:\program files (x86)\windows kits\8.0\include\shared\winerror.h(49845) : see previous definition of 'D3D11_ERROR_DEFERRED_CONTEXT_MAP_WITHOUT_INITIAL_DISCARD'
     1>c:\program files (x86)\microsoft directx sdk (june 2010)\include\d3d10.h(608): warning C4005: 'D3D10_ERROR_TOO_MANY_UNIQUE_STATE_OBJECTS' : macro redefinition
                 c:\program files (x86)\windows kits\8.0\include\shared\winerror.h(49793) : see previous definition of 'D3D10_ERROR_TOO_MANY_UNIQUE_STATE_OBJECTS'
     1>c:\program files (x86)\microsoft directx sdk (june 2010)\include\d3d10.h(609): warning C4005: 'D3D10_ERROR_FILE_NOT_FOUND' : macro redefinition
                 c:\program files (x86)\windows kits\8.0\include\shared\winerror.h(49802) : see previous definition of 'D3D10_ERROR_FILE_NOT_FOUND'
     1>c:\users\hillary\desktop\punchout\holepunch\textureclass.cpp(24): error C3861: 'D3D11CreateShaderResourceViewFromFile': identifier not found
         systemclass.cpp
     1>c:\program files (x86)\microsoft directx sdk (june 2010)\include\dxgitype.h(12): warning C4005: 'DXGI_STATUS_OCCLUDED' : macro redefinition
                 c:\program files (x86)\windows kits\8.0\include\shared\winerror.h(49449) : see previous definition of 'DXGI_STATUS_OCCLUDED'
     1>c:\program files (x86)\microsoft directx sdk (june 2010)\include\dxgitype.h(13): warning C4005: 'DXGI_STATUS_CLIPPED' : macro redefinition
                 c:\program files (x86)\windows kits\8.0\include\shared\winerror.h(49458) : see previous definition of 'DXGI_STATUS_CLIPPED'
     1>c:\program files (x86)\microsoft directx sdk (june 2010)\include\dxgitype.h(14): warning C4005: 'DXGI_STATUS_NO_REDIRECTION' : macro redefinition
                 c:\program files (x86)\windows kits\8.0\include\shared\winerror.h(49467) : see previous definition of 'DXGI_STATUS_NO_REDIRECTION'
     1>c:\program files (x86)\microsoft directx sdk (june 2010)\include\dxgitype.h(15): warning C4005: 'DXGI_STATUS_NO_DESKTOP_ACCESS' : macro redefinition
                 c:\program files (x86)\windows kits\8.0\include\shared\winerror.h(49476) : see previous definition of 'DXGI_STATUS_NO_DESKTOP_ACCESS'
     1>c:\program files (x86)\microsoft directx sdk (june 2010)\include\dxgitype.h(16): warning C4005: 'DXGI_STATUS_GRAPHICS_VIDPN_SOURCE_IN_USE' : macro redefinition
                 c:\program files (x86)\windows kits\8.0\include\shared\winerror.h(49485) : see previous definition of 'DXGI_STATUS_GRAPHICS_VIDPN_SOURCE_IN_USE'
     1>c:\program files (x86)\microsoft directx sdk (june 2010)\include\dxgitype.h(17): warning C4005: 'DXGI_STATUS_MODE_CHANGED' : macro redefinition
                 c:\program files (x86)\windows kits\8.0\include\shared\winerror.h(49494) : see previous definition of 'DXGI_STATUS_MODE_CHANGED'
     1>c:\program files (x86)\microsoft directx sdk (june 2010)\include\dxgitype.h(18): warning C4005: 'DXGI_STATUS_MODE_CHANGE_IN_PROGRESS' : macro redefinition
                 c:\program files (x86)\windows kits\8.0\include\shared\winerror.h(49503) : see previous definition of 'DXGI_STATUS_MODE_CHANGE_IN_PROGRESS'
     1>c:\program files (x86)\microsoft directx sdk (june 2010)\include\dxgitype.h(21): warning C4005: 'DXGI_ERROR_INVALID_CALL' : macro redefinition
                 c:\program files (x86)\windows kits\8.0\include\shared\winerror.h(49518) : see previous definition of 'DXGI_ERROR_INVALID_CALL'
     1>c:\program files (x86)\microsoft directx sdk (june 2010)\include\dxgitype.h(22): warning C4005: 'DXGI_ERROR_NOT_FOUND' : macro redefinition
                 c:\program files (x86)\windows kits\8.0\include\shared\winerror.h(49527) : see previous definition of 'DXGI_ERROR_NOT_FOUND'
     1>c:\program files (x86)\microsoft directx sdk (june 2010)\include\dxgitype.h(23): warning C4005: 'DXGI_ERROR_MORE_DATA' : macro redefinition
                 c:\program files (x86)\windows kits\8.0\include\shared\winerror.h(49536) : see previous definition of 'DXGI_ERROR_MORE_DATA'
     1>c:\program files (x86)\microsoft directx sdk (june 2010)\include\dxgitype.h(24): warning C4005: 'DXGI_ERROR_UNSUPPORTED' : macro redefinition
                 c:\program files (x86)\windows kits\8.0\include\shared\winerror.h(49545) : see previous definition of 'DXGI_ERROR_UNSUPPORTED'
     1>c:\program files (x86)\microsoft directx sdk (june 2010)\include\dxgitype.h(25): warning C4005: 'DXGI_ERROR_DEVICE_REMOVED' : macro redefinition
                 c:\program files (x86)\windows kits\8.0\include\shared\winerror.h(49554) : see previous definition of 'DXGI_ERROR_DEVICE_REMOVED'
     1>c:\program files (x86)\microsoft directx sdk (june 2010)\include\dxgitype.h(26): warning C4005: 'DXGI_ERROR_DEVICE_HUNG' : macro redefinition
                 c:\program files (x86)\windows kits\8.0\include\shared\winerror.h(49563) : see previous definition of 'DXGI_ERROR_DEVICE_HUNG'
     1>c:\program files (x86)\microsoft directx sdk (june 2010)\include\dxgitype.h(27): warning C4005: 'DXGI_ERROR_DEVICE_RESET' : macro redefinition
                 c:\program files (x86)\windows kits\8.0\include\shared\winerror.h(49573) : see previous definition of 'DXGI_ERROR_DEVICE_RESET'
     1>c:\program files (x86)\microsoft directx sdk (june 2010)\include\dxgitype.h(28): warning C4005: 'DXGI_ERROR_WAS_STILL_DRAWING' : macro redefinition
                 c:\program files (x86)\windows kits\8.0\include\shared\winerror.h(49582) : see previous definition of 'DXGI_ERROR_WAS_STILL_DRAWING'
     1>c:\program files (x86)\microsoft directx sdk (june 2010)\include\dxgitype.h(29): warning C4005: 'DXGI_ERROR_FRAME_STATISTICS_DISJOINT' : macro redefinition
                 c:\program files (x86)\windows kits\8.0\include\shared\winerror.h(49592) : see previous definition of 'DXGI_ERROR_FRAME_STATISTICS_DISJOINT'
     1>c:\program files (x86)\microsoft directx sdk (june 2010)\include\dxgitype.h(30): warning C4005: 'DXGI_ERROR_GRAPHICS_VIDPN_SOURCE_IN_USE' : macro redefinition
                 c:\program files (x86)\windows kits\8.0\include\shared\winerror.h(49601) : see previous definition of 'DXGI_ERROR_GRAPHICS_VIDPN_SOURCE_IN_USE'
     1>c:\program files (x86)\microsoft directx sdk (june 2010)\include\dxgitype.h(31): warning C4005: 'DXGI_ERROR_DRIVER_INTERNAL_ERROR' : macro redefinition
                 c:\program files (x86)\windows kits\8.0\include\shared\winerror.h(49611) : see previous definition of 'DXGI_ERROR_DRIVER_INTERNAL_ERROR'
     1>c:\program files (x86)\microsoft directx sdk (june 2010)\include\dxgitype.h(32): warning C4005: 'DXGI_ERROR_NONEXCLUSIVE' : macro redefinition
                 c:\program files (x86)\windows kits\8.0\include\shared\winerror.h(49620) : see previous definition of 'DXGI_ERROR_NONEXCLUSIVE'
     1>c:\program files (x86)\microsoft directx sdk (june 2010)\include\dxgitype.h(33): warning C4005: 'DXGI_ERROR_NOT_CURRENTLY_AVAILABLE' : macro redefinition
                 c:\program files (x86)\windows kits\8.0\include\shared\winerror.h(49629) : see previous definition of 'DXGI_ERROR_NOT_CURRENTLY_AVAILABLE'
     1>c:\program files (x86)\microsoft directx sdk (june 2010)\include\dxgitype.h(34): warning C4005: 'DXGI_ERROR_REMOTE_CLIENT_DISCONNECTED' : macro redefinition
                 c:\program files (x86)\windows kits\8.0\include\shared\winerror.h(49639) : see previous definition of 'DXGI_ERROR_REMOTE_CLIENT_DISCONNECTED'
     1>c:\program files (x86)\microsoft directx sdk (june 2010)\include\dxgitype.h(35): warning C4005: 'DXGI_ERROR_REMOTE_OUTOFMEMORY' : macro redefinition
                 c:\program files (x86)\windows kits\8.0\include\shared\winerror.h(49648) : see previous definition of 'DXGI_ERROR_REMOTE_OUTOFMEMORY'
     1>c:\program files (x86)\microsoft directx sdk (june 2010)\include\d3d11.h(917): warning C4005: 'D3D11_ERROR_TOO_MANY_UNIQUE_STATE_OBJECTS' : macro redefinition
                 c:\program files (x86)\windows kits\8.0\include\shared\winerror.h(49817) : see previous definition of 'D3D11_ERROR_TOO_MANY_UNIQUE_STATE_OBJECTS'
     1>c:\program files (x86)\microsoft directx sdk (june 2010)\include\d3d11.h(918): warning C4005: 'D3D11_ERROR_FILE_NOT_FOUND' : macro redefinition
                 c:\program files (x86)\windows kits\8.0\include\shared\winerror.h(49826) : see previous definition of 'D3D11_ERROR_FILE_NOT_FOUND'
     1>c:\program files (x86)\microsoft directx sdk (june 2010)\include\d3d11.h(919): warning C4005: 'D3D11_ERROR_TOO_MANY_UNIQUE_VIEW_OBJECTS' : macro redefinition
                 c:\program files (x86)\windows kits\8.0\include\shared\winerror.h(49836) : see previous definition of 'D3D11_ERROR_TOO_MANY_UNIQUE_VIEW_OBJECTS'
     1>c:\program files (x86)\microsoft directx sdk (june 2010)\include\d3d11.h(920): warning C4005: 'D3D11_ERROR_DEFERRED_CONTEXT_MAP_WITHOUT_INITIAL_DISCARD' : macro redefinition
                 c:\program files (x86)\windows kits\8.0\include\shared\winerror.h(49845) : see previous definition of 'D3D11_ERROR_DEFERRED_CONTEXT_MAP_WITHOUT_INITIAL_DISCARD'
     1>c:\program files (x86)\microsoft directx sdk (june 2010)\include\d3d10.h(608): warning C4005: 'D3D10_ERROR_TOO_MANY_UNIQUE_STATE_OBJECTS' : macro redefinition
                 c:\program files (x86)\windows kits\8.0\include\shared\winerror.h(49793) : see previous definition of 'D3D10_ERROR_TOO_MANY_UNIQUE_STATE_OBJECTS'
     1>c:\program files (x86)\microsoft directx sdk (june 2010)\include\d3d10.h(609): warning C4005: 'D3D10_ERROR_FILE_NOT_FOUND' : macro redefinition
                 c:\program files (x86)\windows kits\8.0\include\shared\winerror.h(49802) : see previous definition of 'D3D10_ERROR_FILE_NOT_FOUND'
     1>c:\users\hillary\desktop\punchout\holepunch\cameraclass.h(33): error C2719: 'unnamed-parameter': formal parameter with __declspec(align('16')) won't be aligned
     1>c:\users\hillary\desktop\punchout\holepunch\modelclass.h(72): error C2143: syntax error : missing ';' before '*'
     1>c:\users\hillary\desktop\punchout\holepunch\modelclass.h(72): error C4430: missing type specifier - int assumed. Note: C++ does not support default-int
     1>c:\users\hillary\desktop\punchout\holepunch\lightshaderclass.h(48): error C2719: 'unnamed-parameter': formal parameter with __declspec(align('16')) won't be aligned
     1>c:\users\hillary\desktop\punchout\holepunch\lightshaderclass.h(55): error C2719: 'unnamed-parameter': formal parameter with __declspec(align('16')) won't be aligned
         main.cpp
     1>c:\program files (x86)\microsoft directx sdk (june 2010)\include\dxgitype.h(12): warning C4005: 'DXGI_STATUS_OCCLUDED' : macro redefinition
                 c:\program files (x86)\windows kits\8.0\include\shared\winerror.h(49449) : see previous definition of 'DXGI_STATUS_OCCLUDED'
     1>c:\program files (x86)\microsoft directx sdk (june 2010)\include\dxgitype.h(13): warning C4005: 'DXGI_STATUS_CLIPPED' : macro redefinition
                 c:\program files (x86)\windows kits\8.0\include\shared\winerror.h(49458) : see previous definition of 'DXGI_STATUS_CLIPPED'
     1>c:\program files (x86)\microsoft directx sdk (june 2010)\include\dxgitype.h(14): warning C4005: 'DXGI_STATUS_NO_REDIRECTION' : macro redefinition
                 c:\program files (x86)\windows kits\8.0\include\shared\winerror.h(49467) : see previous definition of 'DXGI_STATUS_NO_REDIRECTION'
     1>c:\program files (x86)\microsoft directx sdk (june 2010)\include\dxgitype.h(15): warning C4005: 'DXGI_STATUS_NO_DESKTOP_ACCESS' : macro redefinition
                 c:\program files (x86)\windows kits\8.0\include\shared\winerror.h(49476) : see previous definition of 'DXGI_STATUS_NO_DESKTOP_ACCESS'
     1>c:\program files (x86)\microsoft directx sdk (june 2010)\include\dxgitype.h(16): warning C4005: 'DXGI_STATUS_GRAPHICS_VIDPN_SOURCE_IN_USE' : macro redefinition
                 c:\program files (x86)\windows kits\8.0\include\shared\winerror.h(49485) : see previous definition of 'DXGI_STATUS_GRAPHICS_VIDPN_SOURCE_IN_USE'
     1>c:\program files (x86)\microsoft directx sdk (june 2010)\include\dxgitype.h(17): warning C4005: 'DXGI_STATUS_MODE_CHANGED' : macro redefinition
                 c:\program files (x86)\windows kits\8.0\include\shared\winerror.h(49494) : see previous definition of 'DXGI_STATUS_MODE_CHANGED'
     1>c:\program files (x86)\microsoft directx sdk (june 2010)\include\dxgitype.h(18): warning C4005: 'DXGI_STATUS_MODE_CHANGE_IN_PROGRESS' : macro redefinition
                 c:\program files (x86)\windows kits\8.0\include\shared\winerror.h(49503) : see previous definition of 'DXGI_STATUS_MODE_CHANGE_IN_PROGRESS'
     1>c:\program files (x86)\microsoft directx sdk (june 2010)\include\dxgitype.h(21): warning C4005: 'DXGI_ERROR_INVALID_CALL' : macro redefinition
                 c:\program files (x86)\windows kits\8.0\include\shared\winerror.h(49518) : see previous definition of 'DXGI_ERROR_INVALID_CALL'
     1>c:\program files (x86)\microsoft directx sdk (june 2010)\include\dxgitype.h(22): warning C4005: 'DXGI_ERROR_NOT_FOUND' : macro redefinition
                 c:\program files (x86)\windows kits\8.0\include\shared\winerror.h(49527) : see previous definition of 'DXGI_ERROR_NOT_FOUND'
     1>c:\program files (x86)\microsoft directx sdk (june 2010)\include\dxgitype.h(23): warning C4005: 'DXGI_ERROR_MORE_DATA' : macro redefinition
                 c:\program files (x86)\windows kits\8.0\include\shared\winerror.h(49536) : see previous definition of 'DXGI_ERROR_MORE_DATA'
     1>c:\program files (x86)\microsoft directx sdk (june 2010)\include\dxgitype.h(24): warning C4005: 'DXGI_ERROR_UNSUPPORTED' : macro redefinition
                 c:\program files (x86)\windows kits\8.0\include\shared\winerror.h(49545) : see previous definition of 'DXGI_ERROR_UNSUPPORTED'
     1>c:\program files (x86)\microsoft directx sdk (june 2010)\include\dxgitype.h(25): warning C4005: 'DXGI_ERROR_DEVICE_REMOVED' : macro redefinition
                 c:\program files (x86)\windows kits\8.0\include\shared\winerror.h(49554) : see previous definition of 'DXGI_ERROR_DEVICE_REMOVED'
     1>c:\program files (x86)\microsoft directx sdk (june 2010)\include\dxgitype.h(26): warning C4005: 'DXGI_ERROR_DEVICE_HUNG' : macro redefinition
                 c:\program files (x86)\windows kits\8.0\include\shared\winerror.h(49563) : see previous definition of 'DXGI_ERROR_DEVICE_HUNG'
     1>c:\program files (x86)\microsoft directx sdk (june 2010)\include\dxgitype.h(27): warning C4005: 'DXGI_ERROR_DEVICE_RESET' : macro redefinition
                 c:\program files (x86)\windows kits\8.0\include\shared\winerror.h(49573) : see previous definition of 'DXGI_ERROR_DEVICE_RESET'
     1>c:\program files (x86)\microsoft directx sdk (june 2010)\include\dxgitype.h(28): warning C4005: 'DXGI_ERROR_WAS_STILL_DRAWING' : macro redefinition
                 c:\program files (x86)\windows kits\8.0\include\shared\winerror.h(49582) : see previous definition of 'DXGI_ERROR_WAS_STILL_DRAWING'
     1>c:\program files (x86)\microsoft directx sdk (june 2010)\include\dxgitype.h(29): warning C4005: 'DXGI_ERROR_FRAME_STATISTICS_DISJOINT' : macro redefinition
                 c:\program files (x86)\windows kits\8.0\include\shared\winerror.h(49592) : see previous definition of 'DXGI_ERROR_FRAME_STATISTICS_DISJOINT'
     1>c:\program files (x86)\microsoft directx sdk (june 2010)\include\dxgitype.h(30): warning C4005: 'DXGI_ERROR_GRAPHICS_VIDPN_SOURCE_IN_USE' : macro redefinition
                 c:\program files (x86)\windows kits\8.0\include\shared\winerror.h(49601) : see previous definition of 'DXGI_ERROR_GRAPHICS_VIDPN_SOURCE_IN_USE'
     1>c:\program files (x86)\microsoft directx sdk (june 2010)\include\dxgitype.h(31): warning C4005: 'DXGI_ERROR_DRIVER_INTERNAL_ERROR' : macro redefinition
                 c:\program files (x86)\windows kits\8.0\include\shared\winerror.h(49611) : see previous definition of 'DXGI_ERROR_DRIVER_INTERNAL_ERROR'
     1>c:\program files (x86)\microsoft directx sdk (june 2010)\include\dxgitype.h(32): warning C4005: 'DXGI_ERROR_NONEXCLUSIVE' : macro redefinition
                 c:\program files (x86)\windows kits\8.0\include\shared\winerror.h(49620) : see previous definition of 'DXGI_ERROR_NONEXCLUSIVE'
     1>c:\program files (x86)\microsoft directx sdk (june 2010)\include\dxgitype.h(33): warning C4005: 'DXGI_ERROR_NOT_CURRENTLY_AVAILABLE' : macro redefinition
                 c:\program files (x86)\windows kits\8.0\include\shared\winerror.h(49629) : see previous definition of 'DXGI_ERROR_NOT_CURRENTLY_AVAILABLE'
     1>c:\program files (x86)\microsoft directx sdk (june 2010)\include\dxgitype.h(34): warning C4005: 'DXGI_ERROR_REMOTE_CLIENT_DISCONNECTED' : macro redefinition
                 c:\program files (x86)\windows kits\8.0\include\shared\winerror.h(49639) : see previous definition of 'DXGI_ERROR_REMOTE_CLIENT_DISCONNECTED'
     1>c:\program files (x86)\microsoft directx sdk (june 2010)\include\dxgitype.h(35): warning C4005: 'DXGI_ERROR_REMOTE_OUTOFMEMORY' : macro redefinition
                 c:\program files (x86)\windows kits\8.0\include\shared\winerror.h(49648) : see previous definition of 'DXGI_ERROR_REMOTE_OUTOFMEMORY'
     1>c:\program files (x86)\microsoft directx sdk (june 2010)\include\d3d11.h(917): warning C4005: 'D3D11_ERROR_TOO_MANY_UNIQUE_STATE_OBJECTS' : macro redefinition
                 c:\program files (x86)\windows kits\8.0\include\shared\winerror.h(49817) : see previous definition of 'D3D11_ERROR_TOO_MANY_UNIQUE_STATE_OBJECTS'
     1>c:\program files (x86)\microsoft directx sdk (june 2010)\include\d3d11.h(918): warning C4005: 'D3D11_ERROR_FILE_NOT_FOUND' : macro redefinition
                 c:\program files (x86)\windows kits\8.0\include\shared\winerror.h(49826) : see previous definition of 'D3D11_ERROR_FILE_NOT_FOUND'
     1>c:\program files (x86)\microsoft directx sdk (june 2010)\include\d3d11.h(919): warning C4005: 'D3D11_ERROR_TOO_MANY_UNIQUE_VIEW_OBJECTS' : macro redefinition
                 c:\program files (x86)\windows kits\8.0\include\shared\winerror.h(49836) : see previous definition of 'D3D11_ERROR_TOO_MANY_UNIQUE_VIEW_OBJECTS'
     1>c:\program files (x86)\microsoft directx sdk (june 2010)\include\d3d11.h(920): warning C4005: 'D3D11_ERROR_DEFERRED_CONTEXT_MAP_WITHOUT_INITIAL_DISCARD' : macro redefinition
                 c:\program files (x86)\windows kits\8.0\include\shared\winerror.h(49845) : see previous definition of 'D3D11_ERROR_DEFERRED_CONTEXT_MAP_WITHOUT_INITIAL_DISCARD'
     1>c:\program files (x86)\microsoft directx sdk (june 2010)\include\d3d10.h(608): warning C4005: 'D3D10_ERROR_TOO_MANY_UNIQUE_STATE_OBJECTS' : macro redefinition
                 c:\program files (x86)\windows kits\8.0\include\shared\winerror.h(49793) : see previous definition of 'D3D10_ERROR_TOO_MANY_UNIQUE_STATE_OBJECTS'
     1>c:\program files (x86)\microsoft directx sdk (june 2010)\include\d3d10.h(609): warning C4005: 'D3D10_ERROR_FILE_NOT_FOUND' : macro redefinition
                 c:\program files (x86)\windows kits\8.0\include\shared\winerror.h(49802) : see previous definition of 'D3D10_ERROR_FILE_NOT_FOUND'
     1>c:\users\hillary\desktop\punchout\holepunch\cameraclass.h(33): error C2719: 'unnamed-parameter': formal parameter with __declspec(align('16')) won't be aligned
     1>c:\users\hillary\desktop\punchout\holepunch\modelclass.h(72): error C2143: syntax error : missing ';' before '*'
     1>c:\users\hillary\desktop\punchout\holepunch\modelclass.h(72): error C4430: missing type specifier - int assumed. Note: C++ does not support default-int
     1>c:\users\hillary\desktop\punchout\holepunch\lightshaderclass.h(48): error C2719: 'unnamed-parameter': formal parameter with __declspec(align('16')) won't be aligned
     1>c:\users\hillary\desktop\punchout\holepunch\lightshaderclass.h(55): error C2719: 'unnamed-parameter': formal parameter with __declspec(align('16')) won't be aligned
         lightshaderclass.cpp
     1>c:\program files (x86)\microsoft directx sdk (june 2010)\include\dxgitype.h(12): warning C4005: 'DXGI_STATUS_OCCLUDED' : macro redefinition
                 c:\program files (x86)\windows kits\8.0\include\shared\winerror.h(49449) : see previous definition of 'DXGI_STATUS_OCCLUDED'
     1>c:\program files (x86)\microsoft directx sdk (june 2010)\include\dxgitype.h(13): warning C4005: 'DXGI_STATUS_CLIPPED' : macro redefinition
                 c:\program files (x86)\windows kits\8.0\include\shared\winerror.h(49458) : see previous definition of 'DXGI_STATUS_CLIPPED'
     1>c:\program files (x86)\microsoft directx sdk (june 2010)\include\dxgitype.h(14): warning C4005: 'DXGI_STATUS_NO_REDIRECTION' : macro redefinition
                 c:\program files (x86)\windows kits\8.0\include\shared\winerror.h(49467) : see previous definition of 'DXGI_STATUS_NO_REDIRECTION'
     1>c:\program files (x86)\microsoft directx sdk (june 2010)\include\dxgitype.h(15): warning C4005: 'DXGI_STATUS_NO_DESKTOP_ACCESS' : macro redefinition
                 c:\program files (x86)\windows kits\8.0\include\shared\winerror.h(49476) : see previous definition of 'DXGI_STATUS_NO_DESKTOP_ACCESS'
     1>c:\program files (x86)\microsoft directx sdk (june 2010)\include\dxgitype.h(16): warning C4005: 'DXGI_STATUS_GRAPHICS_VIDPN_SOURCE_IN_USE' : macro redefinition
                 c:\program files (x86)\windows kits\8.0\include\shared\winerror.h(49485) : see previous definition of 'DXGI_STATUS_GRAPHICS_VIDPN_SOURCE_IN_USE'
     1>c:\program files (x86)\microsoft directx sdk (june 2010)\include\dxgitype.h(17): warning C4005: 'DXGI_STATUS_MODE_CHANGED' : macro redefinition
                 c:\program files (x86)\windows kits\8.0\include\shared\winerror.h(49494) : see previous definition of 'DXGI_STATUS_MODE_CHANGED'
     1>c:\program files (x86)\microsoft directx sdk (june 2010)\include\dxgitype.h(18): warning C4005: 'DXGI_STATUS_MODE_CHANGE_IN_PROGRESS' : macro redefinition
                 c:\program files (x86)\windows kits\8.0\include\shared\winerror.h(49503) : see previous definition of 'DXGI_STATUS_MODE_CHANGE_IN_PROGRESS'
     1>c:\program files (x86)\microsoft directx sdk (june 2010)\include\dxgitype.h(21): warning C4005: 'DXGI_ERROR_INVALID_CALL' : macro redefinition
                 c:\program files (x86)\windows kits\8.0\include\shared\winerror.h(49518) : see previous definition of 'DXGI_ERROR_INVALID_CALL'
     1>c:\program files (x86)\microsoft directx sdk (june 2010)\include\dxgitype.h(22): warning C4005: 'DXGI_ERROR_NOT_FOUND' : macro redefinition
                 c:\program files (x86)\windows kits\8.0\include\shared\winerror.h(49527) : see previous definition of 'DXGI_ERROR_NOT_FOUND'
     1>c:\program files (x86)\microsoft directx sdk (june 2010)\include\dxgitype.h(23): warning C4005: 'DXGI_ERROR_MORE_DATA' : macro redefinition
                 c:\program files (x86)\windows kits\8.0\include\shared\winerror.h(49536) : see previous definition of 'DXGI_ERROR_MORE_DATA'
     1>c:\program files (x86)\microsoft directx sdk (june 2010)\include\dxgitype.h(24): warning C4005: 'DXGI_ERROR_UNSUPPORTED' : macro redefinition
                 c:\program files (x86)\windows kits\8.0\include\shared\winerror.h(49545) : see previous definition of 'DXGI_ERROR_UNSUPPORTED'
     1>c:\program files (x86)\microsoft directx sdk (june 2010)\include\dxgitype.h(25): warning C4005: 'DXGI_ERROR_DEVICE_REMOVED' : macro redefinition
                 c:\program files (x86)\windows kits\8.0\include\shared\winerror.h(49554) : see previous definition of 'DXGI_ERROR_DEVICE_REMOVED'
     1>c:\program files (x86)\microsoft directx sdk (june 2010)\include\dxgitype.h(26): warning C4005: 'DXGI_ERROR_DEVICE_HUNG' : macro redefinition
                 c:\program files (x86)\windows kits\8.0\include\shared\winerror.h(49563) : see previous definition of 'DXGI_ERROR_DEVICE_HUNG'
     1>c:\program files (x86)\microsoft directx sdk (june 2010)\include\dxgitype.h(27): warning C4005: 'DXGI_ERROR_DEVICE_RESET' : macro redefinition
                 c:\program files (x86)\windows kits\8.0\include\shared\winerror.h(49573) : see previous definition of 'DXGI_ERROR_DEVICE_RESET'
     1>c:\program files (x86)\microsoft directx sdk (june 2010)\include\dxgitype.h(28): warning C4005: 'DXGI_ERROR_WAS_STILL_DRAWING' : macro redefinition
                 c:\program files (x86)\windows kits\8.0\include\shared\winerror.h(49582) : see previous definition of 'DXGI_ERROR_WAS_STILL_DRAWING'
     1>c:\program files (x86)\microsoft directx sdk (june 2010)\include\dxgitype.h(29): warning C4005: 'DXGI_ERROR_FRAME_STATISTICS_DISJOINT' : macro redefinition
                 c:\program files (x86)\windows kits\8.0\include\shared\winerror.h(49592) : see previous definition of 'DXGI_ERROR_FRAME_STATISTICS_DISJOINT'
     1>c:\program files (x86)\microsoft directx sdk (june 2010)\include\dxgitype.h(30): warning C4005: 'DXGI_ERROR_GRAPHICS_VIDPN_SOURCE_IN_USE' : macro redefinition
                 c:\program files (x86)\windows kits\8.0\include\shared\winerror.h(49601) : see previous definition of 'DXGI_ERROR_GRAPHICS_VIDPN_SOURCE_IN_USE'
     1>c:\program files (x86)\microsoft directx sdk (june 2010)\include\dxgitype.h(31): warning C4005: 'DXGI_ERROR_DRIVER_INTERNAL_ERROR' : macro redefinition
                 c:\program files (x86)\windows kits\8.0\include\shared\winerror.h(49611) : see previous definition of 'DXGI_ERROR_DRIVER_INTERNAL_ERROR'
     1>c:\program files (x86)\microsoft directx sdk (june 2010)\include\dxgitype.h(32): warning C4005: 'DXGI_ERROR_NONEXCLUSIVE' : macro redefinition
                 c:\program files (x86)\windows kits\8.0\include\shared\winerror.h(49620) : see previous definition of 'DXGI_ERROR_NONEXCLUSIVE'
     1>c:\program files (x86)\microsoft directx sdk (june 2010)\include\dxgitype.h(33): warning C4005: 'DXGI_ERROR_NOT_CURRENTLY_AVAILABLE' : macro redefinition
                 c:\program files (x86)\windows kits\8.0\include\shared\winerror.h(49629) : see previous definition of 'DXGI_ERROR_NOT_CURRENTLY_AVAILABLE'
     1>c:\program files (x86)\microsoft directx sdk (june 2010)\include\dxgitype.h(34): warning C4005: 'DXGI_ERROR_REMOTE_CLIENT_DISCONNECTED' : macro redefinition
                 c:\program files (x86)\windows kits\8.0\include\shared\winerror.h(49639) : see previous definition of 'DXGI_ERROR_REMOTE_CLIENT_DISCONNECTED'
     1>c:\program files (x86)\microsoft directx sdk (june 2010)\include\dxgitype.h(35): warning C4005: 'DXGI_ERROR_REMOTE_OUTOFMEMORY' : macro redefinition
                 c:\program files (x86)\windows kits\8.0\include\shared\winerror.h(49648) : see previous definition of 'DXGI_ERROR_REMOTE_OUTOFMEMORY'
     1>c:\program files (x86)\microsoft directx sdk (june 2010)\include\d3d11.h(917): warning C4005: 'D3D11_ERROR_TOO_MANY_UNIQUE_STATE_OBJECTS' : macro redefinition
                 c:\program files (x86)\windows kits\8.0\include\shared\winerror.h(49817) : see previous definition of 'D3D11_ERROR_TOO_MANY_UNIQUE_STATE_OBJECTS'
     1>c:\program files (x86)\microsoft directx sdk (june 2010)\include\d3d11.h(918): warning C4005: 'D3D11_ERROR_FILE_NOT_FOUND' : macro redefinition
                 c:\program files (x86)\windows kits\8.0\include\shared\winerror.h(49826) : see previous definition of 'D3D11_ERROR_FILE_NOT_FOUND'
     1>c:\program files (x86)\microsoft directx sdk (june 2010)\include\d3d11.h(919): warning C4005: 'D3D11_ERROR_TOO_MANY_UNIQUE_VIEW_OBJECTS' : macro redefinition
                 c:\program files (x86)\windows kits\8.0\include\shared\winerror.h(49836) : see previous definition of 'D3D11_ERROR_TOO_MANY_UNIQUE_VIEW_OBJECTS'
     1>c:\program files (x86)\microsoft directx sdk (june 2010)\include\d3d11.h(920): warning C4005: 'D3D11_ERROR_DEFERRED_CONTEXT_MAP_WITHOUT_INITIAL_DISCARD' : macro redefinition
                 c:\program files (x86)\windows kits\8.0\include\shared\winerror.h(49845) : see previous definition of 'D3D11_ERROR_DEFERRED_CONTEXT_MAP_WITHOUT_INITIAL_DISCARD'
     1>c:\program files (x86)\microsoft directx sdk (june 2010)\include\d3d10.h(608): warning C4005: 'D3D10_ERROR_TOO_MANY_UNIQUE_STATE_OBJECTS' : macro redefinition
                 c:\program files (x86)\windows kits\8.0\include\shared\winerror.h(49793) : see previous definition of 'D3D10_ERROR_TOO_MANY_UNIQUE_STATE_OBJECTS'
     1>c:\program files (x86)\microsoft directx sdk (june 2010)\include\d3d10.h(609): warning C4005: 'D3D10_ERROR_FILE_NOT_FOUND' : macro redefinition
                 c:\program files (x86)\windows kits\8.0\include\shared\winerror.h(49802) : see previous definition of 'D3D10_ERROR_FILE_NOT_FOUND'
     1>c:\users\hillary\desktop\punchout\holepunch\lightshaderclass.h(48): error C2719: 'unnamed-parameter': formal parameter with __declspec(align('16')) won't be aligned
     1>c:\users\hillary\desktop\punchout\holepunch\lightshaderclass.h(55): error C2719: 'unnamed-parameter': formal parameter with __declspec(align('16')) won't be aligned
     1>c:\users\hillary\desktop\punchout\holepunch\lightshaderclass.cpp(48): error C2719: 'worldMatrix': formal parameter with __declspec(align('16')) won't be aligned
     1>c:\users\hillary\desktop\punchout\holepunch\lightshaderclass.cpp(48): error C2719: 'viewMatrix': formal parameter with __declspec(align('16')) won't be aligned
     1>c:\users\hillary\desktop\punchout\holepunch\lightshaderclass.cpp(48): error C2719: 'projectionMatrix': formal parameter with __declspec(align('16')) won't be aligned
     1>c:\users\hillary\desktop\punchout\holepunch\lightshaderclass.cpp(85): error C3861: 'D3DX11CompileFromFile': identifier not found
     1>c:\users\hillary\desktop\punchout\holepunch\lightshaderclass.cpp(104): error C3861: 'D3DX11CompileFromFile': identifier not found
     1>c:\users\hillary\desktop\punchout\holepunch\lightshaderclass.cpp(319): error C2719: 'worldMatrix': formal parameter with __declspec(align('16')) won't be aligned
     1>c:\users\hillary\desktop\punchout\holepunch\lightshaderclass.cpp(319): error C2719: 'viewMatrix': formal parameter with __declspec(align('16')) won't be aligned
     1>c:\users\hillary\desktop\punchout\holepunch\lightshaderclass.cpp(319): error C2719: 'projectionMatrix': formal parameter with __declspec(align('16')) won't be aligned
         graphicsclass.cpp
     1>c:\program files (x86)\microsoft directx sdk (june 2010)\include\dxgitype.h(12): warning C4005: 'DXGI_STATUS_OCCLUDED' : macro redefinition
                 c:\program files (x86)\windows kits\8.0\include\shared\winerror.h(49449) : see previous definition of 'DXGI_STATUS_OCCLUDED'
     1>c:\program files (x86)\microsoft directx sdk (june 2010)\include\dxgitype.h(13): warning C4005: 'DXGI_STATUS_CLIPPED' : macro redefinition
                 c:\program files (x86)\windows kits\8.0\include\shared\winerror.h(49458) : see previous definition of 'DXGI_STATUS_CLIPPED'
     1>c:\program files (x86)\microsoft directx sdk (june 2010)\include\dxgitype.h(14): warning C4005: 'DXGI_STATUS_NO_REDIRECTION' : macro redefinition
                 c:\program files (x86)\windows kits\8.0\include\shared\winerror.h(49467) : see previous definition of 'DXGI_STATUS_NO_REDIRECTION'
     1>c:\program files (x86)\microsoft directx sdk (june 2010)\include\dxgitype.h(15): warning C4005: 'DXGI_STATUS_NO_DESKTOP_ACCESS' : macro redefinition
                 c:\program files (x86)\windows kits\8.0\include\shared\winerror.h(49476) : see previous definition of 'DXGI_STATUS_NO_DESKTOP_ACCESS'
     1>c:\program files (x86)\microsoft directx sdk (june 2010)\include\dxgitype.h(16): warning C4005: 'DXGI_STATUS_GRAPHICS_VIDPN_SOURCE_IN_USE' : macro redefinition
                 c:\program files (x86)\windows kits\8.0\include\shared\winerror.h(49485) : see previous definition of 'DXGI_STATUS_GRAPHICS_VIDPN_SOURCE_IN_USE'
     1>c:\program files (x86)\microsoft directx sdk (june 2010)\include\dxgitype.h(17): warning C4005: 'DXGI_STATUS_MODE_CHANGED' : macro redefinition
                 c:\program files (x86)\windows kits\8.0\include\shared\winerror.h(49494) : see previous definition of 'DXGI_STATUS_MODE_CHANGED'
     1>c:\program files (x86)\microsoft directx sdk (june 2010)\include\dxgitype.h(18): warning C4005: 'DXGI_STATUS_MODE_CHANGE_IN_PROGRESS' : macro redefinition
                 c:\program files (x86)\windows kits\8.0\include\shared\winerror.h(49503) : see previous definition of 'DXGI_STATUS_MODE_CHANGE_IN_PROGRESS'
     1>c:\program files (x86)\microsoft directx sdk (june 2010)\include\dxgitype.h(21): warning C4005: 'DXGI_ERROR_INVALID_CALL' : macro redefinition
                 c:\program files (x86)\windows kits\8.0\include\shared\winerror.h(49518) : see previous definition of 'DXGI_ERROR_INVALID_CALL'
     1>c:\program files (x86)\microsoft directx sdk (june 2010)\include\dxgitype.h(22): warning C4005: 'DXGI_ERROR_NOT_FOUND' : macro redefinition
                 c:\program files (x86)\windows kits\8.0\include\shared\winerror.h(49527) : see previous definition of 'DXGI_ERROR_NOT_FOUND'
     1>c:\program files (x86)\microsoft directx sdk (june 2010)\include\dxgitype.h(23): warning C4005: 'DXGI_ERROR_MORE_DATA' : macro redefinition
                 c:\program files (x86)\windows kits\8.0\include\shared\winerror.h(49536) : see previous definition of 'DXGI_ERROR_MORE_DATA'
     1>c:\program files (x86)\microsoft directx sdk (june 2010)\include\dxgitype.h(24): warning C4005: 'DXGI_ERROR_UNSUPPORTED' : macro redefinition
                 c:\program files (x86)\windows kits\8.0\include\shared\winerror.h(49545) : see previous definition of 'DXGI_ERROR_UNSUPPORTED'
     1>c:\program files (x86)\microsoft directx sdk (june 2010)\include\dxgitype.h(25): warning C4005: 'DXGI_ERROR_DEVICE_REMOVED' : macro redefinition
                 c:\program files (x86)\windows kits\8.0\include\shared\winerror.h(49554) : see previous definition of 'DXGI_ERROR_DEVICE_REMOVED'
     1>c:\program files (x86)\microsoft directx sdk (june 2010)\include\dxgitype.h(26): warning C4005: 'DXGI_ERROR_DEVICE_HUNG' : macro redefinition
                 c:\program files (x86)\windows kits\8.0\include\shared\winerror.h(49563) : see previous definition of 'DXGI_ERROR_DEVICE_HUNG'
     1>c:\program files (x86)\microsoft directx sdk (june 2010)\include\dxgitype.h(27): warning C4005: 'DXGI_ERROR_DEVICE_RESET' : macro redefinition
                 c:\program files (x86)\windows kits\8.0\include\shared\winerror.h(49573) : see previous definition of 'DXGI_ERROR_DEVICE_RESET'
     1>c:\program files (x86)\microsoft directx sdk (june 2010)\include\dxgitype.h(28): warning C4005: 'DXGI_ERROR_WAS_STILL_DRAWING' : macro redefinition
                 c:\program files (x86)\windows kits\8.0\include\shared\winerror.h(49582) : see previous definition of 'DXGI_ERROR_WAS_STILL_DRAWING'
     1>c:\program files (x86)\microsoft directx sdk (june 2010)\include\dxgitype.h(29): warning C4005: 'DXGI_ERROR_FRAME_STATISTICS_DISJOINT' : macro redefinition
                 c:\program files (x86)\windows kits\8.0\include\shared\winerror.h(49592) : see previous definition of 'DXGI_ERROR_FRAME_STATISTICS_DISJOINT'
     1>c:\program files (x86)\microsoft directx sdk (june 2010)\include\dxgitype.h(30): warning C4005: 'DXGI_ERROR_GRAPHICS_VIDPN_SOURCE_IN_USE' : macro redefinition
                 c:\program files (x86)\windows kits\8.0\include\shared\winerror.h(49601) : see previous definition of 'DXGI_ERROR_GRAPHICS_VIDPN_SOURCE_IN_USE'
     1>c:\program files (x86)\microsoft directx sdk (june 2010)\include\dxgitype.h(31): warning C4005: 'DXGI_ERROR_DRIVER_INTERNAL_ERROR' : macro redefinition
                 c:\program files (x86)\windows kits\8.0\include\shared\winerror.h(49611) : see previous definition of 'DXGI_ERROR_DRIVER_INTERNAL_ERROR'
     1>c:\program files (x86)\microsoft directx sdk (june 2010)\include\dxgitype.h(32): warning C4005: 'DXGI_ERROR_NONEXCLUSIVE' : macro redefinition
                 c:\program files (x86)\windows kits\8.0\include\shared\winerror.h(49620) : see previous definition of 'DXGI_ERROR_NONEXCLUSIVE'
     1>c:\program files (x86)\microsoft directx sdk (june 2010)\include\dxgitype.h(33): warning C4005: 'DXGI_ERROR_NOT_CURRENTLY_AVAILABLE' : macro redefinition
                 c:\program files (x86)\windows kits\8.0\include\shared\winerror.h(49629) : see previous definition of 'DXGI_ERROR_NOT_CURRENTLY_AVAILABLE'
     1>c:\program files (x86)\microsoft directx sdk (june 2010)\include\dxgitype.h(34): warning C4005: 'DXGI_ERROR_REMOTE_CLIENT_DISCONNECTED' : macro redefinition
                 c:\program files (x86)\windows kits\8.0\include\shared\winerror.h(49639) : see previous definition of 'DXGI_ERROR_REMOTE_CLIENT_DISCONNECTED'
     1>c:\program files (x86)\microsoft directx sdk (june 2010)\include\dxgitype.h(35): warning C4005: 'DXGI_ERROR_REMOTE_OUTOFMEMORY' : macro redefinition
                 c:\program files (x86)\windows kits\8.0\include\shared\winerror.h(49648) : see previous definition of 'DXGI_ERROR_REMOTE_OUTOFMEMORY'
     1>c:\program files (x86)\microsoft directx sdk (june 2010)\include\d3d11.h(917): warning C4005: 'D3D11_ERROR_TOO_MANY_UNIQUE_STATE_OBJECTS' : macro redefinition
                 c:\program files (x86)\windows kits\8.0\include\shared\winerror.h(49817) : see previous definition of 'D3D11_ERROR_TOO_MANY_UNIQUE_STATE_OBJECTS'
     1>c:\program files (x86)\microsoft directx sdk (june 2010)\include\d3d11.h(918): warning C4005: 'D3D11_ERROR_FILE_NOT_FOUND' : macro redefinition
                 c:\program files (x86)\windows kits\8.0\include\shared\winerror.h(49826) : see previous definition of 'D3D11_ERROR_FILE_NOT_FOUND'
     1>c:\program files (x86)\microsoft directx sdk (june 2010)\include\d3d11.h(919): warning C4005: 'D3D11_ERROR_TOO_MANY_UNIQUE_VIEW_OBJECTS' : macro redefinition
                 c:\program files (x86)\windows kits\8.0\include\shared\winerror.h(49836) : see previous definition of 'D3D11_ERROR_TOO_MANY_UNIQUE_VIEW_OBJECTS'
     1>c:\program files (x86)\microsoft directx sdk (june 2010)\include\d3d11.h(920): warning C4005: 'D3D11_ERROR_DEFERRED_CONTEXT_MAP_WITHOUT_INITIAL_DISCARD' : macro redefinition
                 c:\program files (x86)\windows kits\8.0\include\shared\winerror.h(49845) : see previous definition of 'D3D11_ERROR_DEFERRED_CONTEXT_MAP_WITHOUT_INITIAL_DISCARD'
     1>c:\program files (x86)\microsoft directx sdk (june 2010)\include\d3d10.h(608): warning C4005: 'D3D10_ERROR_TOO_MANY_UNIQUE_STATE_OBJECTS' : macro redefinition
                 c:\program files (x86)\windows kits\8.0\include\shared\winerror.h(49793) : see previous definition of 'D3D10_ERROR_TOO_MANY_UNIQUE_STATE_OBJECTS'
     1>c:\program files (x86)\microsoft directx sdk (june 2010)\include\d3d10.h(609): warning C4005: 'D3D10_ERROR_FILE_NOT_FOUND' : macro redefinition
                 c:\program files (x86)\windows kits\8.0\include\shared\winerror.h(49802) : see previous definition of 'D3D10_ERROR_FILE_NOT_FOUND'
     1>c:\users\hillary\desktop\punchout\holepunch\cameraclass.h(33): error C2719: 'unnamed-parameter': formal parameter with __declspec(align('16')) won't be aligned
     1>c:\users\hillary\desktop\punchout\holepunch\modelclass.h(72): error C2143: syntax error : missing ';' before '*'
     1>c:\users\hillary\desktop\punchout\holepunch\modelclass.h(72): error C4430: missing type specifier - int assumed. Note: C++ does not support default-int
     1>c:\users\hillary\desktop\punchout\holepunch\lightshaderclass.h(48): error C2719: 'unnamed-parameter': formal parameter with __declspec(align('16')) won't be aligned
     1>c:\users\hillary\desktop\punchout\holepunch\lightshaderclass.h(55): error C2719: 'unnamed-parameter': formal parameter with __declspec(align('16')) won't be aligned
     1>c:\users\hillary\desktop\punchout\holepunch\graphicsclass.cpp(29): error C2059: syntax error : '{'
     1>c:\users\hillary\desktop\punchout\holepunch\graphicsclass.cpp(29): error C2143: syntax error : missing ';' before '{'
     1>c:\users\hillary\desktop\punchout\holepunch\graphicsclass.cpp(29): error C2143: syntax error : missing ';' before '}'
     1>c:\users\hillary\desktop\punchout\holepunch\graphicsclass.cpp(181): warning C4018: '<' : signed/unsigned mismatch
         d3dclass.cpp
     1>c:\program files (x86)\microsoft directx sdk (june 2010)\include\dxgitype.h(12): warning C4005: 'DXGI_STATUS_OCCLUDED' : macro redefinition
                 c:\program files (x86)\windows kits\8.0\include\shared\winerror.h(49449) : see previous definition of 'DXGI_STATUS_OCCLUDED'
     1>c:\program files (x86)\microsoft directx sdk (june 2010)\include\dxgitype.h(13): warning C4005: 'DXGI_STATUS_CLIPPED' : macro redefinition
                 c:\program files (x86)\windows kits\8.0\include\shared\winerror.h(49458) : see previous definition of 'DXGI_STATUS_CLIPPED'
     1>c:\program files (x86)\microsoft directx sdk (june 2010)\include\dxgitype.h(14): warning C4005: 'DXGI_STATUS_NO_REDIRECTION' : macro redefinition
                 c:\program files (x86)\windows kits\8.0\include\shared\winerror.h(49467) : see previous definition of 'DXGI_STATUS_NO_REDIRECTION'
     1>c:\program files (x86)\microsoft directx sdk (june 2010)\include\dxgitype.h(15): warning C4005: 'DXGI_STATUS_NO_DESKTOP_ACCESS' : macro redefinition
                 c:\program files (x86)\windows kits\8.0\include\shared\winerror.h(49476) : see previous definition of 'DXGI_STATUS_NO_DESKTOP_ACCESS'
     1>c:\program files (x86)\microsoft directx sdk (june 2010)\include\dxgitype.h(16): warning C4005: 'DXGI_STATUS_GRAPHICS_VIDPN_SOURCE_IN_USE' : macro redefinition
                 c:\program files (x86)\windows kits\8.0\include\shared\winerror.h(49485) : see previous definition of 'DXGI_STATUS_GRAPHICS_VIDPN_SOURCE_IN_USE'
     1>c:\program files (x86)\microsoft directx sdk (june 2010)\include\dxgitype.h(17): warning C4005: 'DXGI_STATUS_MODE_CHANGED' : macro redefinition
                 c:\program files (x86)\windows kits\8.0\include\shared\winerror.h(49494) : see previous definition of 'DXGI_STATUS_MODE_CHANGED'
     1>c:\program files (x86)\microsoft directx sdk (june 2010)\include\dxgitype.h(18): warning C4005: 'DXGI_STATUS_MODE_CHANGE_IN_PROGRESS' : macro redefinition
                 c:\program files (x86)\windows kits\8.0\include\shared\winerror.h(49503) : see previous definition of 'DXGI_STATUS_MODE_CHANGE_IN_PROGRESS'
     1>c:\program files (x86)\microsoft directx sdk (june 2010)\include\dxgitype.h(21): warning C4005: 'DXGI_ERROR_INVALID_CALL' : macro redefinition
                 c:\program files (x86)\windows kits\8.0\include\shared\winerror.h(49518) : see previous definition of 'DXGI_ERROR_INVALID_CALL'
     1>c:\program files (x86)\microsoft directx sdk (june 2010)\include\dxgitype.h(22): warning C4005: 'DXGI_ERROR_NOT_FOUND' : macro redefinition
                 c:\program files (x86)\windows kits\8.0\include\shared\winerror.h(49527) : see previous definition of 'DXGI_ERROR_NOT_FOUND'
     1>c:\program files (x86)\microsoft directx sdk (june 2010)\include\dxgitype.h(23): warning C4005: 'DXGI_ERROR_MORE_DATA' : macro redefinition
                 c:\program files (x86)\windows kits\8.0\include\shared\winerror.h(49536) : see previous definition of 'DXGI_ERROR_MORE_DATA'
     1>c:\program files (x86)\microsoft directx sdk (june 2010)\include\dxgitype.h(24): warning C4005: 'DXGI_ERROR_UNSUPPORTED' : macro redefinition
                 c:\program files (x86)\windows kits\8.0\include\shared\winerror.h(49545) : see previous definition of 'DXGI_ERROR_UNSUPPORTED'
     1>c:\program files (x86)\microsoft directx sdk (june 2010)\include\dxgitype.h(25): warning C4005: 'DXGI_ERROR_DEVICE_REMOVED' : macro redefinition
                 c:\program files (x86)\windows kits\8.0\include\shared\winerror.h(49554) : see previous definition of 'DXGI_ERROR_DEVICE_REMOVED'
     1>c:\program files (x86)\microsoft directx sdk (june 2010)\include\dxgitype.h(26): warning C4005: 'DXGI_ERROR_DEVICE_HUNG' : macro redefinition
                 c:\program files (x86)\windows kits\8.0\include\shared\winerror.h(49563) : see previous definition of 'DXGI_ERROR_DEVICE_HUNG'
     1>c:\program files (x86)\microsoft directx sdk (june 2010)\include\dxgitype.h(27): warning C4005: 'DXGI_ERROR_DEVICE_RESET' : macro redefinition
                 c:\program files (x86)\windows kits\8.0\include\shared\winerror.h(49573) : see previous definition of 'DXGI_ERROR_DEVICE_RESET'
     1>c:\program files (x86)\microsoft directx sdk (june 2010)\include\dxgitype.h(28): warning C4005: 'DXGI_ERROR_WAS_STILL_DRAWING' : macro redefinition
                 c:\program files (x86)\windows kits\8.0\include\shared\winerror.h(49582) : see previous definition of 'DXGI_ERROR_WAS_STILL_DRAWING'
     1>c:\program files (x86)\microsoft directx sdk (june 2010)\include\dxgitype.h(29): warning C4005: 'DXGI_ERROR_FRAME_STATISTICS_DISJOINT' : macro redefinition
                 c:\program files (x86)\windows kits\8.0\include\shared\winerror.h(49592) : see previous definition of 'DXGI_ERROR_FRAME_STATISTICS_DISJOINT'
     1>c:\program files (x86)\microsoft directx sdk (june 2010)\include\dxgitype.h(30): warning C4005: 'DXGI_ERROR_GRAPHICS_VIDPN_SOURCE_IN_USE' : macro redefinition
                 c:\program files (x86)\windows kits\8.0\include\shared\winerror.h(49601) : see previous definition of 'DXGI_ERROR_GRAPHICS_VIDPN_SOURCE_IN_USE'
     1>c:\program files (x86)\microsoft directx sdk (june 2010)\include\dxgitype.h(31): warning C4005: 'DXGI_ERROR_DRIVER_INTERNAL_ERROR' : macro redefinition
                 c:\program files (x86)\windows kits\8.0\include\shared\winerror.h(49611) : see previous definition of 'DXGI_ERROR_DRIVER_INTERNAL_ERROR'
     1>c:\program files (x86)\microsoft directx sdk (june 2010)\include\dxgitype.h(32): warning C4005: 'DXGI_ERROR_NONEXCLUSIVE' : macro redefinition
                 c:\program files (x86)\windows kits\8.0\include\shared\winerror.h(49620) : see previous definition of 'DXGI_ERROR_NONEXCLUSIVE'
     1>c:\program files (x86)\microsoft directx sdk (june 2010)\include\dxgitype.h(33): warning C4005: 'DXGI_ERROR_NOT_CURRENTLY_AVAILABLE' : macro redefinition
                 c:\program files (x86)\windows kits\8.0\include\shared\winerror.h(49629) : see previous definition of 'DXGI_ERROR_NOT_CURRENTLY_AVAILABLE'
     1>c:\program files (x86)\microsoft directx sdk (june 2010)\include\dxgitype.h(34): warning C4005: 'DXGI_ERROR_REMOTE_CLIENT_DISCONNECTED' : macro redefinition
                 c:\program files (x86)\windows kits\8.0\include\shared\winerror.h(49639) : see previous definition of 'DXGI_ERROR_REMOTE_CLIENT_DISCONNECTED'
     1>c:\program files (x86)\microsoft directx sdk (june 2010)\include\dxgitype.h(35): warning C4005: 'DXGI_ERROR_REMOTE_OUTOFMEMORY' : macro redefinition
                 c:\program files (x86)\windows kits\8.0\include\shared\winerror.h(49648) : see previous definition of 'DXGI_ERROR_REMOTE_OUTOFMEMORY'
     1>c:\program files (x86)\microsoft directx sdk (june 2010)\include\d3d11.h(917): warning C4005: 'D3D11_ERROR_TOO_MANY_UNIQUE_STATE_OBJECTS' : macro redefinition
                 c:\program files (x86)\windows kits\8.0\include\shared\winerror.h(49817) : see previous definition of 'D3D11_ERROR_TOO_MANY_UNIQUE_STATE_OBJECTS'
     1>c:\program files (x86)\microsoft directx sdk (june 2010)\include\d3d11.h(918): warning C4005: 'D3D11_ERROR_FILE_NOT_FOUND' : macro redefinition
                 c:\program files (x86)\windows kits\8.0\include\shared\winerror.h(49826) : see previous definition of 'D3D11_ERROR_FILE_NOT_FOUND'
     1>c:\program files (x86)\microsoft directx sdk (june 2010)\include\d3d11.h(919): warning C4005: 'D3D11_ERROR_TOO_MANY_UNIQUE_VIEW_OBJECTS' : macro redefinition
                 c:\program files (x86)\windows kits\8.0\include\shared\winerror.h(49836) : see previous definition of 'D3D11_ERROR_TOO_MANY_UNIQUE_VIEW_OBJECTS'
     1>c:\program files (x86)\microsoft directx sdk (june 2010)\include\d3d11.h(920): warning C4005: 'D3D11_ERROR_DEFERRED_CONTEXT_MAP_WITHOUT_INITIAL_DISCARD' : macro redefinition
                 c:\program files (x86)\windows kits\8.0\include\shared\winerror.h(49845) : see previous definition of 'D3D11_ERROR_DEFERRED_CONTEXT_MAP_WITHOUT_INITIAL_DISCARD'
     1>c:\program files (x86)\microsoft directx sdk (june 2010)\include\d3d10.h(608): warning C4005: 'D3D10_ERROR_TOO_MANY_UNIQUE_STATE_OBJECTS' : macro redefinition
                 c:\program files (x86)\windows kits\8.0\include\shared\winerror.h(49793) : see previous definition of 'D3D10_ERROR_TOO_MANY_UNIQUE_STATE_OBJECTS'
     1>c:\program files (x86)\microsoft directx sdk (june 2010)\include\d3d10.h(609): warning C4005: 'D3D10_ERROR_FILE_NOT_FOUND' : macro redefinition
                 c:\program files (x86)\windows kits\8.0\include\shared\winerror.h(49802) : see previous definition of 'D3D10_ERROR_FILE_NOT_FOUND'
     1>c:\users\hillary\desktop\punchout\holepunch\d3dclass.cpp(335): error C2065: 'D3DX_PI' : undeclared identifier
         colorshaderclass.cpp
     1>c:\program files (x86)\microsoft directx sdk (june 2010)\include\dxgitype.h(12): warning C4005: 'DXGI_STATUS_OCCLUDED' : macro redefinition
                 c:\program files (x86)\windows kits\8.0\include\shared\winerror.h(49449) : see previous definition of 'DXGI_STATUS_OCCLUDED'
     1>c:\program files (x86)\microsoft directx sdk (june 2010)\include\dxgitype.h(13): warning C4005: 'DXGI_STATUS_CLIPPED' : macro redefinition
                 c:\program files (x86)\windows kits\8.0\include\shared\winerror.h(49458) : see previous definition of 'DXGI_STATUS_CLIPPED'
     1>c:\program files (x86)\microsoft directx sdk (june 2010)\include\dxgitype.h(14): warning C4005: 'DXGI_STATUS_NO_REDIRECTION' : macro redefinition
                 c:\program files (x86)\windows kits\8.0\include\shared\winerror.h(49467) : see previous definition of 'DXGI_STATUS_NO_REDIRECTION'
     1>c:\program files (x86)\microsoft directx sdk (june 2010)\include\dxgitype.h(15): warning C4005: 'DXGI_STATUS_NO_DESKTOP_ACCESS' : macro redefinition
                 c:\program files (x86)\windows kits\8.0\include\shared\winerror.h(49476) : see previous definition of 'DXGI_STATUS_NO_DESKTOP_ACCESS'
     1>c:\program files (x86)\microsoft directx sdk (june 2010)\include\dxgitype.h(16): warning C4005: 'DXGI_STATUS_GRAPHICS_VIDPN_SOURCE_IN_USE' : macro redefinition
                 c:\program files (x86)\windows kits\8.0\include\shared\winerror.h(49485) : see previous definition of 'DXGI_STATUS_GRAPHICS_VIDPN_SOURCE_IN_USE'
     1>c:\program files (x86)\microsoft directx sdk (june 2010)\include\dxgitype.h(17): warning C4005: 'DXGI_STATUS_MODE_CHANGED' : macro redefinition
                 c:\program files (x86)\windows kits\8.0\include\shared\winerror.h(49494) : see previous definition of 'DXGI_STATUS_MODE_CHANGED'
     1>c:\program files (x86)\microsoft directx sdk (june 2010)\include\dxgitype.h(18): warning C4005: 'DXGI_STATUS_MODE_CHANGE_IN_PROGRESS' : macro redefinition
                 c:\program files (x86)\windows kits\8.0\include\shared\winerror.h(49503) : see previous definition of 'DXGI_STATUS_MODE_CHANGE_IN_PROGRESS'
     1>c:\program files (x86)\microsoft directx sdk (june 2010)\include\dxgitype.h(21): warning C4005: 'DXGI_ERROR_INVALID_CALL' : macro redefinition
                 c:\program files (x86)\windows kits\8.0\include\shared\winerror.h(49518) : see previous definition of 'DXGI_ERROR_INVALID_CALL'
     1>c:\program files (x86)\microsoft directx sdk (june 2010)\include\dxgitype.h(22): warning C4005: 'DXGI_ERROR_NOT_FOUND' : macro redefinition
                 c:\program files (x86)\windows kits\8.0\include\shared\winerror.h(49527) : see previous definition of 'DXGI_ERROR_NOT_FOUND'
     1>c:\program files (x86)\microsoft directx sdk (june 2010)\include\dxgitype.h(23): warning C4005: 'DXGI_ERROR_MORE_DATA' : macro redefinition
                 c:\program files (x86)\windows kits\8.0\include\shared\winerror.h(49536) : see previous definition of 'DXGI_ERROR_MORE_DATA'
     1>c:\program files (x86)\microsoft directx sdk (june 2010)\include\dxgitype.h(24): warning C4005: 'DXGI_ERROR_UNSUPPORTED' : macro redefinition
                 c:\program files (x86)\windows kits\8.0\include\shared\winerror.h(49545) : see previous definition of 'DXGI_ERROR_UNSUPPORTED'
     1>c:\program files (x86)\microsoft directx sdk (june 2010)\include\dxgitype.h(25): warning C4005: 'DXGI_ERROR_DEVICE_REMOVED' : macro redefinition
                 c:\program files (x86)\windows kits\8.0\include\shared\winerror.h(49554) : see previous definition of 'DXGI_ERROR_DEVICE_REMOVED'
     1>c:\program files (x86)\microsoft directx sdk (june 2010)\include\dxgitype.h(26): warning C4005: 'DXGI_ERROR_DEVICE_HUNG' : macro redefinition
                 c:\program files (x86)\windows kits\8.0\include\shared\winerror.h(49563) : see previous definition of 'DXGI_ERROR_DEVICE_HUNG'
     1>c:\program files (x86)\microsoft directx sdk (june 2010)\include\dxgitype.h(27): warning C4005: 'DXGI_ERROR_DEVICE_RESET' : macro redefinition
                 c:\program files (x86)\windows kits\8.0\include\shared\winerror.h(49573) : see previous definition of 'DXGI_ERROR_DEVICE_RESET'
     1>c:\program files (x86)\microsoft directx sdk (june 2010)\include\dxgitype.h(28): warning C4005: 'DXGI_ERROR_WAS_STILL_DRAWING' : macro redefinition
                 c:\program files (x86)\windows kits\8.0\include\shared\winerror.h(49582) : see previous definition of 'DXGI_ERROR_WAS_STILL_DRAWING'
     1>c:\program files (x86)\microsoft directx sdk (june 2010)\include\dxgitype.h(29): warning C4005: 'DXGI_ERROR_FRAME_STATISTICS_DISJOINT' : macro redefinition
                 c:\program files (x86)\windows kits\8.0\include\shared\winerror.h(49592) : see previous definition of 'DXGI_ERROR_FRAME_STATISTICS_DISJOINT'
     1>c:\program files (x86)\microsoft directx sdk (june 2010)\include\dxgitype.h(30): warning C4005: 'DXGI_ERROR_GRAPHICS_VIDPN_SOURCE_IN_USE' : macro redefinition
                 c:\program files (x86)\windows kits\8.0\include\shared\winerror.h(49601) : see previous definition of 'DXGI_ERROR_GRAPHICS_VIDPN_SOURCE_IN_USE'
     1>c:\program files (x86)\microsoft directx sdk (june 2010)\include\dxgitype.h(31): warning C4005: 'DXGI_ERROR_DRIVER_INTERNAL_ERROR' : macro redefinition
                 c:\program files (x86)\windows kits\8.0\include\shared\winerror.h(49611) : see previous definition of 'DXGI_ERROR_DRIVER_INTERNAL_ERROR'
     1>c:\program files (x86)\microsoft directx sdk (june 2010)\include\dxgitype.h(32): warning C4005: 'DXGI_ERROR_NONEXCLUSIVE' : macro redefinition
                 c:\program files (x86)\windows kits\8.0\include\shared\winerror.h(49620) : see previous definition of 'DXGI_ERROR_NONEXCLUSIVE'
     1>c:\program files (x86)\microsoft directx sdk (june 2010)\include\dxgitype.h(33): warning C4005: 'DXGI_ERROR_NOT_CURRENTLY_AVAILABLE' : macro redefinition
                 c:\program files (x86)\windows kits\8.0\include\shared\winerror.h(49629) : see previous definition of 'DXGI_ERROR_NOT_CURRENTLY_AVAILABLE'
     1>c:\program files (x86)\microsoft directx sdk (june 2010)\include\dxgitype.h(34): warning C4005: 'DXGI_ERROR_REMOTE_CLIENT_DISCONNECTED' : macro redefinition
                 c:\program files (x86)\windows kits\8.0\include\shared\winerror.h(49639) : see previous definition of 'DXGI_ERROR_REMOTE_CLIENT_DISCONNECTED'
     1>c:\program files (x86)\microsoft directx sdk (june 2010)\include\dxgitype.h(35): warning C4005: 'DXGI_ERROR_REMOTE_OUTOFMEMORY' : macro redefinition
                 c:\program files (x86)\windows kits\8.0\include\shared\winerror.h(49648) : see previous definition of 'DXGI_ERROR_REMOTE_OUTOFMEMORY'
     1>c:\program files (x86)\microsoft directx sdk (june 2010)\include\d3d11.h(917): warning C4005: 'D3D11_ERROR_TOO_MANY_UNIQUE_STATE_OBJECTS' : macro redefinition
                 c:\program files (x86)\windows kits\8.0\include\shared\winerror.h(49817) : see previous definition of 'D3D11_ERROR_TOO_MANY_UNIQUE_STATE_OBJECTS'
     1>c:\program files (x86)\microsoft directx sdk (june 2010)\include\d3d11.h(918): warning C4005: 'D3D11_ERROR_FILE_NOT_FOUND' : macro redefinition
                 c:\program files (x86)\windows kits\8.0\include\shared\winerror.h(49826) : see previous definition of 'D3D11_ERROR_FILE_NOT_FOUND'
     1>c:\program files (x86)\microsoft directx sdk (june 2010)\include\d3d11.h(919): warning C4005: 'D3D11_ERROR_TOO_MANY_UNIQUE_VIEW_OBJECTS' : macro redefinition
                 c:\program files (x86)\windows kits\8.0\include\shared\winerror.h(49836) : see previous definition of 'D3D11_ERROR_TOO_MANY_UNIQUE_VIEW_OBJECTS'
     1>c:\program files (x86)\microsoft directx sdk (june 2010)\include\d3d11.h(920): warning C4005: 'D3D11_ERROR_DEFERRED_CONTEXT_MAP_WITHOUT_INITIAL_DISCARD' : macro redefinition
                 c:\program files (x86)\windows kits\8.0\include\shared\winerror.h(49845) : see previous definition of 'D3D11_ERROR_DEFERRED_CONTEXT_MAP_WITHOUT_INITIAL_DISCARD'
     1>c:\program files (x86)\microsoft directx sdk (june 2010)\include\d3d10.h(608): warning C4005: 'D3D10_ERROR_TOO_MANY_UNIQUE_STATE_OBJECTS' : macro redefinition
                 c:\program files (x86)\windows kits\8.0\include\shared\winerror.h(49793) : see previous definition of 'D3D10_ERROR_TOO_MANY_UNIQUE_STATE_OBJECTS'
     1>c:\program files (x86)\microsoft directx sdk (june 2010)\include\d3d10.h(609): warning C4005: 'D3D10_ERROR_FILE_NOT_FOUND' : macro redefinition
                 c:\program files (x86)\windows kits\8.0\include\shared\winerror.h(49802) : see previous definition of 'D3D10_ERROR_FILE_NOT_FOUND'
     1>c:\users\hillary\desktop\punchout\holepunch\colorshaderclass.h(39): error C2719: 'unnamed-parameter': formal parameter with __declspec(align('16')) won't be aligned
     1>c:\users\hillary\desktop\punchout\holepunch\colorshaderclass.h(46): error C2719: 'unnamed-parameter': formal parameter with __declspec(align('16')) won't be aligned
     1>c:\users\hillary\desktop\punchout\holepunch\colorshaderclass.cpp(48): error C2719: 'worldMatrix': formal parameter with __declspec(align('16')) won't be aligned
     1>c:\users\hillary\desktop\punchout\holepunch\colorshaderclass.cpp(48): error C2719: 'viewMatrix': formal parameter with __declspec(align('16')) won't be aligned
     1>c:\users\hillary\desktop\punchout\holepunch\colorshaderclass.cpp(48): error C2719: 'projectionMatrix': formal parameter with __declspec(align('16')) won't be aligned
     1>c:\users\hillary\desktop\punchout\holepunch\colorshaderclass.cpp(83): error C3861: 'D3DCompileFromFile': identifier not found
     1>c:\users\hillary\desktop\punchout\holepunch\colorshaderclass.cpp(102): error C3861: 'D3DCompileFromFile': identifier not found
     1>c:\users\hillary\desktop\punchout\holepunch\colorshaderclass.cpp(261): error C2719: 'worldMatrix': formal parameter with __declspec(align('16')) won't be aligned
     1>c:\users\hillary\desktop\punchout\holepunch\colorshaderclass.cpp(261): error C2719: 'viewMatrix': formal parameter with __declspec(align('16')) won't be aligned
     1>c:\users\hillary\desktop\punchout\holepunch\colorshaderclass.cpp(261): error C2719: 'projectionMatrix': formal parameter with __declspec(align('16')) won't be aligned
         cameraclass.cpp
     1>c:\users\hillary\desktop\punchout\holepunch\cameraclass.h(33): error C2719: 'unnamed-parameter': formal parameter with __declspec(align('16')) won't be aligned
     1>c:\users\hillary\desktop\punchout\holepunch\cameraclass.cpp(98): error C2719: 'viewMatrix': formal parameter with __declspec(align('16')) won't be aligned
         Generating Code...
         Compiling...
         modelclass.cpp
     1>c:\program files (x86)\microsoft directx sdk (june 2010)\include\dxgitype.h(12): warning C4005: 'DXGI_STATUS_OCCLUDED' : macro redefinition
                 c:\program files (x86)\windows kits\8.0\include\shared\winerror.h(49449) : see previous definition of 'DXGI_STATUS_OCCLUDED'
     1>c:\program files (x86)\microsoft directx sdk (june 2010)\include\dxgitype.h(13): warning C4005: 'DXGI_STATUS_CLIPPED' : macro redefinition
                 c:\program files (x86)\windows kits\8.0\include\shared\winerror.h(49458) : see previous definition of 'DXGI_STATUS_CLIPPED'
     1>c:\program files (x86)\microsoft directx sdk (june 2010)\include\dxgitype.h(14): warning C4005: 'DXGI_STATUS_NO_REDIRECTION' : macro redefinition
                 c:\program files (x86)\windows kits\8.0\include\shared\winerror.h(49467) : see previous definition of 'DXGI_STATUS_NO_REDIRECTION'
     1>c:\program files (x86)\microsoft directx sdk (june 2010)\include\dxgitype.h(15): warning C4005: 'DXGI_STATUS_NO_DESKTOP_ACCESS' : macro redefinition
                 c:\program files (x86)\windows kits\8.0\include\shared\winerror.h(49476) : see previous definition of 'DXGI_STATUS_NO_DESKTOP_ACCESS'
     1>c:\program files (x86)\microsoft directx sdk (june 2010)\include\dxgitype.h(16): warning C4005: 'DXGI_STATUS_GRAPHICS_VIDPN_SOURCE_IN_USE' : macro redefinition
                 c:\program files (x86)\windows kits\8.0\include\shared\winerror.h(49485) : see previous definition of 'DXGI_STATUS_GRAPHICS_VIDPN_SOURCE_IN_USE'
     1>c:\program files (x86)\microsoft directx sdk (june 2010)\include\dxgitype.h(17): warning C4005: 'DXGI_STATUS_MODE_CHANGED' : macro redefinition
                 c:\program files (x86)\windows kits\8.0\include\shared\winerror.h(49494) : see previous definition of 'DXGI_STATUS_MODE_CHANGED'
     1>c:\program files (x86)\microsoft directx sdk (june 2010)\include\dxgitype.h(18): warning C4005: 'DXGI_STATUS_MODE_CHANGE_IN_PROGRESS' : macro redefinition
                 c:\program files (x86)\windows kits\8.0\include\shared\winerror.h(49503) : see previous definition of 'DXGI_STATUS_MODE_CHANGE_IN_PROGRESS'
     1>c:\program files (x86)\microsoft directx sdk (june 2010)\include\dxgitype.h(21): warning C4005: 'DXGI_ERROR_INVALID_CALL' : macro redefinition
                 c:\program files (x86)\windows kits\8.0\include\shared\winerror.h(49518) : see previous definition of 'DXGI_ERROR_INVALID_CALL'
     1>c:\program files (x86)\microsoft directx sdk (june 2010)\include\dxgitype.h(22): warning C4005: 'DXGI_ERROR_NOT_FOUND' : macro redefinition
                 c:\program files (x86)\windows kits\8.0\include\shared\winerror.h(49527) : see previous definition of 'DXGI_ERROR_NOT_FOUND'
     1>c:\program files (x86)\microsoft directx sdk (june 2010)\include\dxgitype.h(23): warning C4005: 'DXGI_ERROR_MORE_DATA' : macro redefinition
                 c:\program files (x86)\windows kits\8.0\include\shared\winerror.h(49536) : see previous definition of 'DXGI_ERROR_MORE_DATA'
     1>c:\program files (x86)\microsoft directx sdk (june 2010)\include\dxgitype.h(24): warning C4005: 'DXGI_ERROR_UNSUPPORTED' : macro redefinition
                 c:\program files (x86)\windows kits\8.0\include\shared\winerror.h(49545) : see previous definition of 'DXGI_ERROR_UNSUPPORTED'
     1>c:\program files (x86)\microsoft directx sdk (june 2010)\include\dxgitype.h(25): warning C4005: 'DXGI_ERROR_DEVICE_REMOVED' : macro redefinition
                 c:\program files (x86)\windows kits\8.0\include\shared\winerror.h(49554) : see previous definition of 'DXGI_ERROR_DEVICE_REMOVED'
     1>c:\program files (x86)\microsoft directx sdk (june 2010)\include\dxgitype.h(26): warning C4005: 'DXGI_ERROR_DEVICE_HUNG' : macro redefinition
                 c:\program files (x86)\windows kits\8.0\include\shared\winerror.h(49563) : see previous definition of 'DXGI_ERROR_DEVICE_HUNG'
     1>c:\program files (x86)\microsoft directx sdk (june 2010)\include\dxgitype.h(27): warning C4005: 'DXGI_ERROR_DEVICE_RESET' : macro redefinition
                 c:\program files (x86)\windows kits\8.0\include\shared\winerror.h(49573) : see previous definition of 'DXGI_ERROR_DEVICE_RESET'
     1>c:\program files (x86)\microsoft directx sdk (june 2010)\include\dxgitype.h(28): warning C4005: 'DXGI_ERROR_WAS_STILL_DRAWING' : macro redefinition
                 c:\program files (x86)\windows kits\8.0\include\shared\winerror.h(49582) : see previous definition of 'DXGI_ERROR_WAS_STILL_DRAWING'
     1>c:\program files (x86)\microsoft directx sdk (june 2010)\include\dxgitype.h(29): warning C4005: 'DXGI_ERROR_FRAME_STATISTICS_DISJOINT' : macro redefinition
                 c:\program files (x86)\windows kits\8.0\include\shared\winerror.h(49592) : see previous definition of 'DXGI_ERROR_FRAME_STATISTICS_DISJOINT'
     1>c:\program files (x86)\microsoft directx sdk (june 2010)\include\dxgitype.h(30): warning C4005: 'DXGI_ERROR_GRAPHICS_VIDPN_SOURCE_IN_USE' : macro redefinition
                 c:\program files (x86)\windows kits\8.0\include\shared\winerror.h(49601) : see previous definition of 'DXGI_ERROR_GRAPHICS_VIDPN_SOURCE_IN_USE'
     1>c:\program files (x86)\microsoft directx sdk (june 2010)\include\dxgitype.h(31): warning C4005: 'DXGI_ERROR_DRIVER_INTERNAL_ERROR' : macro redefinition
                 c:\program files (x86)\windows kits\8.0\include\shared\winerror.h(49611) : see previous definition of 'DXGI_ERROR_DRIVER_INTERNAL_ERROR'
     1>c:\program files (x86)\microsoft directx sdk (june 2010)\include\dxgitype.h(32): warning C4005: 'DXGI_ERROR_NONEXCLUSIVE' : macro redefinition
                 c:\program files (x86)\windows kits\8.0\include\shared\winerror.h(49620) : see previous definition of 'DXGI_ERROR_NONEXCLUSIVE'
     1>c:\program files (x86)\microsoft directx sdk (june 2010)\include\dxgitype.h(33): warning C4005: 'DXGI_ERROR_NOT_CURRENTLY_AVAILABLE' : macro redefinition
                 c:\program files (x86)\windows kits\8.0\include\shared\winerror.h(49629) : see previous definition of 'DXGI_ERROR_NOT_CURRENTLY_AVAILABLE'
     1>c:\program files (x86)\microsoft directx sdk (june 2010)\include\dxgitype.h(34): warning C4005: 'DXGI_ERROR_REMOTE_CLIENT_DISCONNECTED' : macro redefinition
                 c:\program files (x86)\windows kits\8.0\include\shared\winerror.h(49639) : see previous definition of 'DXGI_ERROR_REMOTE_CLIENT_DISCONNECTED'
     1>c:\program files (x86)\microsoft directx sdk (june 2010)\include\dxgitype.h(35): warning C4005: 'DXGI_ERROR_REMOTE_OUTOFMEMORY' : macro redefinition
                 c:\program files (x86)\windows kits\8.0\include\shared\winerror.h(49648) : see previous definition of 'DXGI_ERROR_REMOTE_OUTOFMEMORY'
     1>c:\program files (x86)\microsoft directx sdk (june 2010)\include\d3d11.h(917): warning C4005: 'D3D11_ERROR_TOO_MANY_UNIQUE_STATE_OBJECTS' : macro redefinition
                 c:\program files (x86)\windows kits\8.0\include\shared\winerror.h(49817) : see previous definition of 'D3D11_ERROR_TOO_MANY_UNIQUE_STATE_OBJECTS'
     1>c:\program files (x86)\microsoft directx sdk (june 2010)\include\d3d11.h(918): warning C4005: 'D3D11_ERROR_FILE_NOT_FOUND' : macro redefinition
                 c:\program files (x86)\windows kits\8.0\include\shared\winerror.h(49826) : see previous definition of 'D3D11_ERROR_FILE_NOT_FOUND'
     1>c:\program files (x86)\microsoft directx sdk (june 2010)\include\d3d11.h(919): warning C4005: 'D3D11_ERROR_TOO_MANY_UNIQUE_VIEW_OBJECTS' : macro redefinition
                 c:\program files (x86)\windows kits\8.0\include\shared\winerror.h(49836) : see previous definition of 'D3D11_ERROR_TOO_MANY_UNIQUE_VIEW_OBJECTS'
     1>c:\program files (x86)\microsoft directx sdk (june 2010)\include\d3d11.h(920): warning C4005: 'D3D11_ERROR_DEFERRED_CONTEXT_MAP_WITHOUT_INITIAL_DISCARD' : macro redefinition
                 c:\program files (x86)\windows kits\8.0\include\shared\winerror.h(49845) : see previous definition of 'D3D11_ERROR_DEFERRED_CONTEXT_MAP_WITHOUT_INITIAL_DISCARD'
     1>c:\program files (x86)\microsoft directx sdk (june 2010)\include\d3d10.h(608): warning C4005: 'D3D10_ERROR_TOO_MANY_UNIQUE_STATE_OBJECTS' : macro redefinition
                 c:\program files (x86)\windows kits\8.0\include\shared\winerror.h(49793) : see previous definition of 'D3D10_ERROR_TOO_MANY_UNIQUE_STATE_OBJECTS'
     1>c:\program files (x86)\microsoft directx sdk (june 2010)\include\d3d10.h(609): warning C4005: 'D3D10_ERROR_FILE_NOT_FOUND' : macro redefinition
                 c:\program files (x86)\windows kits\8.0\include\shared\winerror.h(49802) : see previous definition of 'D3D10_ERROR_FILE_NOT_FOUND'
     1>c:\users\hillary\desktop\punchout\holepunch\modelclass.h(72): error C2143: syntax error : missing ';' before '*'
     1>c:\users\hillary\desktop\punchout\holepunch\modelclass.h(72): error C4430: missing type specifier - int assumed. Note: C++ does not support default-int
     1>c:\users\hillary\desktop\punchout\holepunch\modelclass.cpp(11): error C2065: 'm_Texture' : undeclared identifier
     1>c:\users\hillary\desktop\punchout\holepunch\modelclass.cpp(85): error C2065: 'm_Texture' : undeclared identifier
     1>c:\users\hillary\desktop\punchout\holepunch\modelclass.cpp(85): error C2227: left of '->GetTexture' must point to class/struct/union/generic type
                 type is ''unknown-type''
     1>c:\users\hillary\desktop\punchout\holepunch\modelclass.cpp(225): error C2065: 'm_Texture' : undeclared identifier
     1>c:\users\hillary\desktop\punchout\holepunch\modelclass.cpp(225): error C2061: syntax error : identifier 'TextureClass'
     1>c:\users\hillary\desktop\punchout\holepunch\modelclass.cpp(226): error C2065: 'm_Texture' : undeclared identifier
     1>c:\users\hillary\desktop\punchout\holepunch\modelclass.cpp(232): error C2065: 'm_Texture' : undeclared identifier
     1>c:\users\hillary\desktop\punchout\holepunch\modelclass.cpp(232): error C2227: left of '->Initialize' must point to class/struct/union/generic type
                 type is ''unknown-type''
     1>c:\users\hillary\desktop\punchout\holepunch\modelclass.cpp(244): error C2065: 'm_Texture' : undeclared identifier
     1>c:\users\hillary\desktop\punchout\holepunch\modelclass.cpp(246): error C2065: 'm_Texture' : undeclared identifier
     1>c:\users\hillary\desktop\punchout\holepunch\modelclass.cpp(246): error C2227: left of '->Shutdown' must point to class/struct/union/generic type
                 type is ''unknown-type''
     1>c:\users\hillary\desktop\punchout\holepunch\modelclass.cpp(247): error C2065: 'm_Texture' : undeclared identifier
     1>c:\users\hillary\desktop\punchout\holepunch\modelclass.cpp(247): error C2541: 'delete' : cannot delete objects that are not pointers
     1>c:\users\hillary\desktop\punchout\holepunch\modelclass.cpp(248): error C2065: 'm_Texture' : undeclared identifier
         Generating Code...
     1>Done Building Project "C:\Users\Hillary\Desktop\Punchout\HolePunch\HolePunch.vcxproj" (Build target(s)) -- FAILED.

Build FAILED.

Time Elapsed 00:00:34.15
