Build started 12/18/2013 11:21:08 PM.
     1>Project "C:\Users\Joshua\Desktop\hole-punch\HolePunchThatWOrks\HolePunch\HolePunch.vcxproj" on node 2 (Build target(s)).
       Project file contains ToolsVersion="12.0". This toolset may be unknown or missing, in which case you may be able to resolve this by installing the appropriate version of MSBuild, or the build may have been forced to a particular ToolsVersion for policy reasons. Treating the project as if it had ToolsVersion="4.0". For more information, please see http://go.microsoft.com/fwlink/?LinkId=291333.
     1>ClCompile:
         C:\Program Files (x86)\Microsoft Visual Studio 11.0\VC\bin\CL.exe /c /ZI /nologo /W3 /WX- /sdl /Od /Oy- /D _UNICODE /D UNICODE /Gm /EHsc /RTC1 /MDd /GS /fp:precise /Zc:wchar_t /Zc:forScope /Fo"Debug\\" /Fd"Debug\vc110.pdb" /Gd /TP /analyze- /errorReport:prompt Boxer.cpp Enemy.cpp Player.cpp main.cpp systemclass.cpp
         Boxer.cpp
         Generating Code...
         Skipping... (no relevant changes detected)
         systemclass.cpp
         main.cpp
         Player.cpp
         Enemy.cpp
       Link:
         C:\Program Files (x86)\Microsoft Visual Studio 11.0\VC\bin\link.exe /ERRORREPORT:PROMPT /OUT:"C:\Users\Joshua\Desktop\hole-punch\HolePunchThatWOrks\Debug\HolePunch.exe" /INCREMENTAL /NOLOGO kernel32.lib user32.lib gdi32.lib winspool.lib comdlg32.lib advapi32.lib shell32.lib ole32.lib oleaut32.lib uuid.lib odbc32.lib odbccp32.lib /MANIFEST /MANIFESTUAC:"level='asInvoker' uiAccess='false'" /manifest:embed /DEBUG /PDB:"C:\Users\Joshua\Desktop\hole-punch\HolePunchThatWOrks\Debug\HolePunch.pdb" /TLBID:1 /DYNAMICBASE /NXCOMPAT /IMPLIB:"C:\Users\Joshua\Desktop\hole-punch\HolePunchThatWOrks\Debug\HolePunch.lib" /MACHINE:X86 Debug\HolePunch.res
         Debug\Boxer.obj
         Debug\cameraclass.obj
         Debug\colorshaderclass.obj
         Debug\d3dclass.obj
         Debug\Enemy.obj
         Debug\glowshaderclass.obj
         Debug\graphicsclass.obj
         Debug\horizontalblurshaderclass.obj
         Debug\inputclass.obj
         Debug\lightclass.obj
         Debug\lightshaderclass.obj
         Debug\main.obj
         Debug\modelclass.obj
         Debug\Player.obj
         Debug\RandomNG.obj
         Debug\systemclass.obj
         Debug\textureclass.obj
         Debug\verticalblurshaderclass.obj
         HolePunch.vcxproj -> C:\Users\Joshua\Desktop\hole-punch\HolePunchThatWOrks\Debug\HolePunch.exe
     1>Done Building Project "C:\Users\Joshua\Desktop\hole-punch\HolePunchThatWOrks\HolePunch\HolePunch.vcxproj" (Build target(s)).

Build succeeded.

Time Elapsed 00:00:00.67
