\\BANNER.MAIN.AD.RIT.EDU\STUDENTS\JAD2828\IGMPROFILE\DESKTOP\HOLE-PUNCH\GAME\DEBUG\PIXELSHADER.CSO
\\BANNER.MAIN.AD.RIT.EDU\STUDENTS\JAD2828\IGMPROFILE\DESKTOP\HOLE-PUNCH\GAME\DEBUG\VERTEXSHADER.CSO
卞慨敤獲停硩汥桓摡牥栮獬൬帊桓摡牥屳敖瑲硥桓摡牥栮獬൬尊扜湡敮⹲慭湩愮⹤楲⹴摥屵瑳摵湥獴橜摡㠲㠲䥜䵇牐景汩履敄歳潴屰潨敬瀭湵档䝜浡履敄畢屧楐數卬慨敤⹲獣൯尊扜湡敮⹲慭湩愮⹤楲⹴摥屵瑳摵湥獴橜摡㠲㠲䥜䵇牐景汩履敄歳潴屰潨敬瀭湵档䝜浡履敄畢屧敖瑲硥桓摡牥挮潳਍卞慨敤獲停硩汥桓摡牥栮獬൬帊桓摡牥屳敖瑲硥桓摡牥栮獬൬尊扜湡敮⹲慭湩愮⹤楲⹴摥屵瑳摵湥獴橜摡㠲㠲䥜䵇牐景汩履敄歳潴屰潨敬瀭湵档䝜浡履敄畢屧楐數卬慨敤⹲獣൯尊扜湡敮⹲慭湩愮⹤楲⹴摥屵瑳摵湥獴橜摡㠲㠲䥜䵇牐景汩履敄歳潴屰潨敬瀭湵档䝜浡履敄畢屧敖瑲硥桓摡牥挮潳਍
\\BANNER.MAIN.AD.RIT.EDU\STUDENTS\JAD2828\IGMPROFILE\DESKTOP\HOLE-PUNCH\GAME\DEBUG\DIRECTX11_STARTER.ILK
\\BANNER.MAIN.AD.RIT.EDU\STUDENTS\JAD2828\IGMPROFILE\DESKTOP\HOLE-PUNCH\GAME\DEBUG\DIRECTX11_STARTER.EXE
\\BANNER.MAIN.AD.RIT.EDU\STUDENTS\JAD2828\IGMPROFILE\DESKTOP\HOLE-PUNCH\GAME\DEBUG\DIRECTX11_STARTER.PDB
\\BANNER.MAIN.AD.RIT.EDU\STUDENTS\JAD2828\IGMPROFILE\DESKTOP\HOLE-PUNCH\GAME\DIRECTX11_STARTER\DEBUG\COMMONSTATES.OBJ
\\BANNER.MAIN.AD.RIT.EDU\STUDENTS\JAD2828\IGMPROFILE\DESKTOP\HOLE-PUNCH\GAME\DIRECTX11_STARTER\DEBUG\DDSTEXTURELOADER.OBJ
\\BANNER.MAIN.AD.RIT.EDU\STUDENTS\JAD2828\IGMPROFILE\DESKTOP\HOLE-PUNCH\GAME\DIRECTX11_STARTER\DEBUG\DUALTEXTUREEFFECT.OBJ
\\BANNER.MAIN.AD.RIT.EDU\STUDENTS\JAD2828\IGMPROFILE\DESKTOP\HOLE-PUNCH\GAME\DIRECTX11_STARTER\DEBUG\EFFECTCOMMON.OBJ
\\BANNER.MAIN.AD.RIT.EDU\STUDENTS\JAD2828\IGMPROFILE\DESKTOP\HOLE-PUNCH\GAME\DIRECTX11_STARTER\DEBUG\EFFECTFACTORY.OBJ
\\BANNER.MAIN.AD.RIT.EDU\STUDENTS\JAD2828\IGMPROFILE\DESKTOP\HOLE-PUNCH\GAME\DIRECTX11_STARTER\DEBUG\ENVIRONMENTMAPEFFECT.OBJ
\\BANNER.MAIN.AD.RIT.EDU\STUDENTS\JAD2828\IGMPROFILE\DESKTOP\HOLE-PUNCH\GAME\DIRECTX11_STARTER\DEBUG\GEOMETRICPRIMITIVE.OBJ
\\BANNER.MAIN.AD.RIT.EDU\STUDENTS\JAD2828\IGMPROFILE\DESKTOP\HOLE-PUNCH\GAME\DIRECTX11_STARTER\DEBUG\MODEL.OBJ
\\BANNER.MAIN.AD.RIT.EDU\STUDENTS\JAD2828\IGMPROFILE\DESKTOP\HOLE-PUNCH\GAME\DIRECTX11_STARTER\DEBUG\MODELLOADCMO.OBJ
\\BANNER.MAIN.AD.RIT.EDU\STUDENTS\JAD2828\IGMPROFILE\DESKTOP\HOLE-PUNCH\GAME\DIRECTX11_STARTER\DEBUG\MODELLOADSDKMESH.OBJ
\\BANNER.MAIN.AD.RIT.EDU\STUDENTS\JAD2828\IGMPROFILE\DESKTOP\HOLE-PUNCH\GAME\DIRECTX11_STARTER\DEBUG\PCH.OBJ
\\BANNER.MAIN.AD.RIT.EDU\STUDENTS\JAD2828\IGMPROFILE\DESKTOP\HOLE-PUNCH\GAME\DIRECTX11_STARTER\DEBUG\PRIMITIVEBATCH.OBJ
\\BANNER.MAIN.AD.RIT.EDU\STUDENTS\JAD2828\IGMPROFILE\DESKTOP\HOLE-PUNCH\GAME\DIRECTX11_STARTER\DEBUG\SCREENGRAB.OBJ
\\BANNER.MAIN.AD.RIT.EDU\STUDENTS\JAD2828\IGMPROFILE\DESKTOP\HOLE-PUNCH\GAME\DIRECTX11_STARTER\DEBUG\SKINNEDEFFECT.OBJ
\\BANNER.MAIN.AD.RIT.EDU\STUDENTS\JAD2828\IGMPROFILE\DESKTOP\HOLE-PUNCH\GAME\DIRECTX11_STARTER\DEBUG\SPRITEBATCH.OBJ
\\BANNER.MAIN.AD.RIT.EDU\STUDENTS\JAD2828\IGMPROFILE\DESKTOP\HOLE-PUNCH\GAME\DIRECTX11_STARTER\DEBUG\SPRITEFONT.OBJ
\\BANNER.MAIN.AD.RIT.EDU\STUDENTS\JAD2828\IGMPROFILE\DESKTOP\HOLE-PUNCH\GAME\DIRECTX11_STARTER\DEBUG\VERTEXTYPES.OBJ
\\BANNER.MAIN.AD.RIT.EDU\STUDENTS\JAD2828\IGMPROFILE\DESKTOP\HOLE-PUNCH\GAME\DIRECTX11_STARTER\DEBUG\WICTEXTURELOADER.OBJ
\\BANNER.MAIN.AD.RIT.EDU\STUDENTS\JAD2828\IGMPROFILE\DESKTOP\HOLE-PUNCH\GAME\DIRECTX11_STARTER\DEBUG\DXGAME.OBJ
\\BANNER.MAIN.AD.RIT.EDU\STUDENTS\JAD2828\IGMPROFILE\DESKTOP\HOLE-PUNCH\GAME\DIRECTX11_STARTER\DEBUG\GAMETIMER.OBJ
\\BANNER.MAIN.AD.RIT.EDU\STUDENTS\JAD2828\IGMPROFILE\DESKTOP\HOLE-PUNCH\GAME\DIRECTX11_STARTER\DEBUG\DEMOGAME.OBJ
\\BANNER.MAIN.AD.RIT.EDU\STUDENTS\JAD2828\IGMPROFILE\DESKTOP\HOLE-PUNCH\GAME\DIRECTX11_STARTER\DEBUG\ALPHATESTEFFECT.OBJ
\\BANNER.MAIN.AD.RIT.EDU\STUDENTS\JAD2828\IGMPROFILE\DESKTOP\HOLE-PUNCH\GAME\DIRECTX11_STARTER\DEBUG\BASICEFFECT.OBJ
\\BANNER.MAIN.AD.RIT.EDU\STUDENTS\JAD2828\IGMPROFILE\DESKTOP\HOLE-PUNCH\GAME\DIRECTX11_STARTER\DEBUG\BINARYREADER.OBJ
\\BANNER.MAIN.AD.RIT.EDU\STUDENTS\JAD2828\IGMPROFILE\DESKTOP\HOLE-PUNCH\GAME\DIRECTX11_STARTER\DEBUG\VC110.PDB
\\banner.main.ad.rit.edu\students\jad2828\IGMProfile\Desktop\hole-punch\Game\DirectX11_Starter\Debug\DirectX11_Starter.vcxprojResolveAssemblyReference.cache
\\banner.main.ad.rit.edu\students\jad2828\IGMProfile\Desktop\hole-punch\Game\DirectX11_Starter\Debug\Model.obj
\\banner.main.ad.rit.edu\students\jad2828\IGMProfile\Desktop\hole-punch\Game\DirectX11_Starter\Debug\pch.obj
\\banner.main.ad.rit.edu\students\jad2828\IGMProfile\Desktop\hole-punch\Game\DirectX11_Starter\Debug\DXGame.obj
\\banner.main.ad.rit.edu\students\jad2828\IGMProfile\Desktop\hole-punch\Game\DirectX11_Starter\Debug\EffectFactory.obj
\\banner.main.ad.rit.edu\students\jad2828\IGMProfile\Desktop\hole-punch\Game\DirectX11_Starter\Debug\CommonStates.obj
\\banner.main.ad.rit.edu\students\jad2828\IGMProfile\Desktop\hole-punch\Game\DirectX11_Starter\Debug\DDSTextureLoader.obj
\\banner.main.ad.rit.edu\students\jad2828\IGMProfile\Desktop\hole-punch\Game\DirectX11_Starter\Debug\DualTextureEffect.obj
\\banner.main.ad.rit.edu\students\jad2828\IGMProfile\Desktop\hole-punch\Game\DirectX11_Starter\Debug\GameTimer.obj
\\banner.main.ad.rit.edu\students\jad2828\IGMProfile\Desktop\hole-punch\Game\DirectX11_Starter\Debug\DemoGame.obj
\\banner.main.ad.rit.edu\students\jad2828\IGMProfile\Desktop\hole-punch\Game\DirectX11_Starter\Debug\EffectCommon.obj
\\banner.main.ad.rit.edu\students\jad2828\IGMProfile\Desktop\hole-punch\Game\DirectX11_Starter\Debug\EnvironmentMapEffect.obj
\\banner.main.ad.rit.edu\students\jad2828\IGMProfile\Desktop\hole-punch\Game\DirectX11_Starter\Debug\GeometricPrimitive.obj
\\banner.main.ad.rit.edu\students\jad2828\IGMProfile\Desktop\hole-punch\Game\DirectX11_Starter\Debug\ModelLoadCMO.obj
\\banner.main.ad.rit.edu\students\jad2828\IGMProfile\Desktop\hole-punch\Game\DirectX11_Starter\Debug\PrimitiveBatch.obj
\\banner.main.ad.rit.edu\students\jad2828\IGMProfile\Desktop\hole-punch\Game\DirectX11_Starter\Debug\SpriteBatch.obj
\\banner.main.ad.rit.edu\students\jad2828\IGMProfile\Desktop\hole-punch\Game\DirectX11_Starter\Debug\WICTextureLoader.obj
\\banner.main.ad.rit.edu\students\jad2828\IGMProfile\Desktop\hole-punch\Game\DirectX11_Starter\Debug\ModelLoadSDKMESH.obj
\\banner.main.ad.rit.edu\students\jad2828\IGMProfile\Desktop\hole-punch\Game\DirectX11_Starter\Debug\SkinnedEffect.obj
\\banner.main.ad.rit.edu\students\jad2828\IGMProfile\Desktop\hole-punch\Game\DirectX11_Starter\Debug\VertexTypes.obj
\\banner.main.ad.rit.edu\students\jad2828\IGMProfile\Desktop\hole-punch\Game\DirectX11_Starter\Debug\BasicEffect.obj
\\banner.main.ad.rit.edu\students\jad2828\IGMProfile\Desktop\hole-punch\Game\DirectX11_Starter\Debug\BinaryReader.obj
\\banner.main.ad.rit.edu\students\jad2828\IGMProfile\Desktop\hole-punch\Game\DirectX11_Starter\Debug\Sprite.obj
\\banner.main.ad.rit.edu\students\jad2828\IGMProfile\Desktop\hole-punch\Game\DirectX11_Starter\Debug\ScreenGrab.obj
\\banner.main.ad.rit.edu\students\jad2828\IGMProfile\Desktop\hole-punch\Game\DirectX11_Starter\Debug\SpriteFont.obj
\\banner.main.ad.rit.edu\students\jad2828\IGMProfile\Desktop\hole-punch\Game\DirectX11_Starter\Debug\AlphaTestEffect.obj
\\banner.main.ad.rit.edu\students\jad2828\IGMProfile\Desktop\hole-punch\Game\DirectX11_Starter\Debug\link.4960-cvtres.read.1.tlog
\\banner.main.ad.rit.edu\students\jad2828\IGMProfile\Desktop\hole-punch\Game\DirectX11_Starter\Debug\link.6872.read.1.tlog
\\banner.main.ad.rit.edu\students\jad2828\IGMProfile\Desktop\hole-punch\Game\DirectX11_Starter\Debug\link.7576-rc.read.1.tlog
\\banner.main.ad.rit.edu\students\jad2828\IGMProfile\Desktop\hole-punch\Game\DirectX11_Starter\Debug\link.3024-cvtres.write.1.tlog
\\banner.main.ad.rit.edu\students\jad2828\IGMProfile\Desktop\hole-punch\Game\DirectX11_Starter\Debug\link.7576-cvtres.read.1.tlog
\\banner.main.ad.rit.edu\students\jad2828\IGMProfile\Desktop\hole-punch\Game\DirectX11_Starter\Debug\link.2912.write.1.tlog
\\banner.main.ad.rit.edu\students\jad2828\IGMProfile\Desktop\hole-punch\Game\DirectX11_Starter\Debug\link.1244-cvtres.write.1.tlog
\\banner.main.ad.rit.edu\students\jad2828\IGMProfile\Desktop\hole-punch\Game\DirectX11_Starter\Debug\link.2912-rc.write.1.tlog
\\banner.main.ad.rit.edu\students\jad2828\IGMProfile\Desktop\hole-punch\Game\DirectX11_Starter\Debug\link.5912.write.1.tlog
\\banner.main.ad.rit.edu\students\jad2828\IGMProfile\Desktop\hole-punch\Game\DirectX11_Starter\Debug\link.7360-rc.write.1.tlog
\\banner.main.ad.rit.edu\students\jad2828\IGMProfile\Desktop\hole-punch\Game\DirectX11_Starter\Debug\fxc.write.1.tlog
\\banner.main.ad.rit.edu\students\jad2828\IGMProfile\Desktop\hole-punch\Game\DirectX11_Starter\Debug\link.4960.write.1.tlog
\\banner.main.ad.rit.edu\students\jad2828\IGMProfile\Desktop\hole-punch\Game\DirectX11_Starter\Debug\link.1684-cvtres.write.1.tlog
\\banner.main.ad.rit.edu\students\jad2828\IGMProfile\Desktop\hole-punch\Game\DirectX11_Starter\Debug\link.7548.write.1.tlog
\\banner.main.ad.rit.edu\students\jad2828\IGMProfile\Desktop\hole-punch\Game\DirectX11_Starter\Debug\link.7576.write.1.tlog
\\banner.main.ad.rit.edu\students\jad2828\IGMProfile\Desktop\hole-punch\Game\DirectX11_Starter\Debug\link.6872-rc.write.1.tlog
\\banner.main.ad.rit.edu\students\jad2828\IGMProfile\Desktop\hole-punch\Game\DirectX11_Starter\Debug\link.3024-rc.read.1.tlog
\\banner.main.ad.rit.edu\students\jad2828\IGMProfile\Desktop\hole-punch\Game\DirectX11_Starter\Debug\link.7548-cvtres.write.1.tlog
\\banner.main.ad.rit.edu\students\jad2828\IGMProfile\Desktop\hole-punch\Game\DirectX11_Starter\Debug\DirectX11_Starter.write.1.tlog
\\banner.main.ad.rit.edu\students\jad2828\IGMProfile\Desktop\hole-punch\Game\DirectX11_Starter\Debug\link.3024-cvtres.read.1.tlog
\\banner.main.ad.rit.edu\students\jad2828\IGMProfile\Desktop\hole-punch\Game\DirectX11_Starter\Debug\link.12208-cvtres.write.1.tlog
\\banner.main.ad.rit.edu\students\jad2828\IGMProfile\Desktop\hole-punch\Game\DirectX11_Starter\Debug\link.6224-rc.read.1.tlog
\\banner.main.ad.rit.edu\students\jad2828\IGMProfile\Desktop\hole-punch\Game\DirectX11_Starter\Debug\link.5912.read.1.tlog
\\banner.main.ad.rit.edu\students\jad2828\IGMProfile\Desktop\hole-punch\Game\DirectX11_Starter\Debug\link.write.1.tlog
\\banner.main.ad.rit.edu\students\jad2828\IGMProfile\Desktop\hole-punch\Game\DirectX11_Starter\Debug\link.6224-cvtres.read.1.tlog
\\banner.main.ad.rit.edu\students\jad2828\IGMProfile\Desktop\hole-punch\Game\DirectX11_Starter\Debug\link.6680.read.1.tlog
\\banner.main.ad.rit.edu\students\jad2828\IGMProfile\Desktop\hole-punch\Game\DirectX11_Starter\Debug\link.3080.read.1.tlog
\\banner.main.ad.rit.edu\students\jad2828\IGMProfile\Desktop\hole-punch\Game\DirectX11_Starter\Debug\link.6680-rc.read.1.tlog
\\banner.main.ad.rit.edu\students\jad2828\IGMProfile\Desktop\hole-punch\Game\DirectX11_Starter\Debug\link.3024.write.1.tlog
\\banner.main.ad.rit.edu\students\jad2828\IGMProfile\Desktop\hole-punch\Game\DirectX11_Starter\Debug\link.6680-cvtres.read.1.tlog
\\banner.main.ad.rit.edu\students\jad2828\IGMProfile\Desktop\hole-punch\Game\DirectX11_Starter\Debug\link.7576.read.1.tlog
\\banner.main.ad.rit.edu\students\jad2828\IGMProfile\Desktop\hole-punch\Game\DirectX11_Starter\Debug\link.6872-rc.read.1.tlog
\\banner.main.ad.rit.edu\students\jad2828\IGMProfile\Desktop\hole-punch\Game\DirectX11_Starter\Debug\link.6872-cvtres.read.1.tlog
\\banner.main.ad.rit.edu\students\jad2828\IGMProfile\Desktop\hole-punch\Game\DirectX11_Starter\Debug\link.12208-rc.read.1.tlog
\\banner.main.ad.rit.edu\students\jad2828\IGMProfile\Desktop\hole-punch\Game\DirectX11_Starter\Debug\CL.read.1.tlog
\\banner.main.ad.rit.edu\students\jad2828\IGMProfile\Desktop\hole-punch\Game\DirectX11_Starter\Debug\link.12208-cvtres.read.1.tlog
\\banner.main.ad.rit.edu\students\jad2828\IGMProfile\Desktop\hole-punch\Game\DirectX11_Starter\Debug\link.6224-cvtres.write.1.tlog
\\banner.main.ad.rit.edu\students\jad2828\IGMProfile\Desktop\hole-punch\Game\DirectX11_Starter\Debug\link.5912-rc.write.1.tlog
\\banner.main.ad.rit.edu\students\jad2828\IGMProfile\Desktop\hole-punch\Game\DirectX11_Starter\Debug\link-rc.write.1.tlog
\\banner.main.ad.rit.edu\students\jad2828\IGMProfile\Desktop\hole-punch\Game\DirectX11_Starter\Debug\fxc.read.1.tlog
\\banner.main.ad.rit.edu\students\jad2828\IGMProfile\Desktop\hole-punch\Game\DirectX11_Starter\Debug\link.6680-rc.write.1.tlog
\\banner.main.ad.rit.edu\students\jad2828\IGMProfile\Desktop\hole-punch\Game\DirectX11_Starter\Debug\link.6872.write.1.tlog
\\banner.main.ad.rit.edu\students\jad2828\IGMProfile\Desktop\hole-punch\Game\DirectX11_Starter\Debug\link.4960-cvtres.write.1.tlog
\\banner.main.ad.rit.edu\students\jad2828\IGMProfile\Desktop\hole-punch\Game\DirectX11_Starter\Debug\FXC.command.1.tlog
\\banner.main.ad.rit.edu\students\jad2828\IGMProfile\Desktop\hole-punch\Game\DirectX11_Starter\Debug\link.3024.read.1.tlog
\\banner.main.ad.rit.edu\students\jad2828\IGMProfile\Desktop\hole-punch\Game\DirectX11_Starter\Debug\link.7576-rc.write.1.tlog
\\banner.main.ad.rit.edu\students\jad2828\IGMProfile\Desktop\hole-punch\Game\DirectX11_Starter\Debug\link.1244.read.1.tlog
\\banner.main.ad.rit.edu\students\jad2828\IGMProfile\Desktop\hole-punch\Game\DirectX11_Starter\Debug\link.12208.write.1.tlog
\\banner.main.ad.rit.edu\students\jad2828\IGMProfile\Desktop\hole-punch\Game\DirectX11_Starter\Debug\link.2912-rc.read.1.tlog
\\banner.main.ad.rit.edu\students\jad2828\IGMProfile\Desktop\hole-punch\Game\DirectX11_Starter\Debug\link.2912-cvtres.read.1.tlog
\\banner.main.ad.rit.edu\students\jad2828\IGMProfile\Desktop\hole-punch\Game\DirectX11_Starter\Debug\link.1684.read.1.tlog
\\banner.main.ad.rit.edu\students\jad2828\IGMProfile\Desktop\hole-punch\Game\DirectX11_Starter\Debug\cl.command.1.tlog
\\banner.main.ad.rit.edu\students\jad2828\IGMProfile\Desktop\hole-punch\Game\DirectX11_Starter\Debug\link.7548.read.1.tlog
\\banner.main.ad.rit.edu\students\jad2828\IGMProfile\Desktop\hole-punch\Game\DirectX11_Starter\Debug\link.3024-rc.write.1.tlog
\\banner.main.ad.rit.edu\students\jad2828\IGMProfile\Desktop\hole-punch\Game\DirectX11_Starter\Debug\link.7548-rc.read.1.tlog
\\banner.main.ad.rit.edu\students\jad2828\IGMProfile\Desktop\hole-punch\Game\DirectX11_Starter\Debug\link.7548-cvtres.read.1.tlog
\\banner.main.ad.rit.edu\students\jad2828\IGMProfile\Desktop\hole-punch\Game\DirectX11_Starter\Debug\link.1244-rc.write.1.tlog
\\banner.main.ad.rit.edu\students\jad2828\IGMProfile\Desktop\hole-punch\Game\DirectX11_Starter\Debug\link.12208.read.1.tlog
\\banner.main.ad.rit.edu\students\jad2828\IGMProfile\Desktop\hole-punch\Game\DirectX11_Starter\Debug\link.7360.write.1.tlog
\\banner.main.ad.rit.edu\students\jad2828\IGMProfile\Desktop\hole-punch\Game\DirectX11_Starter\Debug\link.2912-cvtres.write.1.tlog
\\banner.main.ad.rit.edu\students\jad2828\IGMProfile\Desktop\hole-punch\Game\DirectX11_Starter\Debug\link.7360-cvtres.write.1.tlog
\\banner.main.ad.rit.edu\students\jad2828\IGMProfile\Desktop\hole-punch\Game\DirectX11_Starter\Debug\link.1684-rc.write.1.tlog
\\banner.main.ad.rit.edu\students\jad2828\IGMProfile\Desktop\hole-punch\Game\DirectX11_Starter\Debug\link.7548-rc.write.1.tlog
\\banner.main.ad.rit.edu\students\jad2828\IGMProfile\Desktop\hole-punch\Game\DirectX11_Starter\Debug\link.6872-cvtres.write.1.tlog
\\banner.main.ad.rit.edu\students\jad2828\IGMProfile\Desktop\hole-punch\Game\DirectX11_Starter\Debug\link.1244-rc.read.1.tlog
\\banner.main.ad.rit.edu\students\jad2828\IGMProfile\Desktop\hole-punch\Game\DirectX11_Starter\Debug\link.12208-rc.write.1.tlog
\\banner.main.ad.rit.edu\students\jad2828\IGMProfile\Desktop\hole-punch\Game\DirectX11_Starter\Debug\link.6224.read.1.tlog
\\banner.main.ad.rit.edu\students\jad2828\IGMProfile\Desktop\hole-punch\Game\DirectX11_Starter\Debug\link.1244-cvtres.read.1.tlog
\\banner.main.ad.rit.edu\students\jad2828\IGMProfile\Desktop\hole-punch\Game\DirectX11_Starter\Debug\link.4960.read.1.tlog
\\banner.main.ad.rit.edu\students\jad2828\IGMProfile\Desktop\hole-punch\Game\DirectX11_Starter\Debug\link-rc.read.1.tlog
\\banner.main.ad.rit.edu\students\jad2828\IGMProfile\Desktop\hole-punch\Game\DirectX11_Starter\Debug\link.command.1.tlog
\\banner.main.ad.rit.edu\students\jad2828\IGMProfile\Desktop\hole-punch\Game\DirectX11_Starter\Debug\link.1684-rc.read.1.tlog
\\banner.main.ad.rit.edu\students\jad2828\IGMProfile\Desktop\hole-punch\Game\DirectX11_Starter\Debug\link-cvtres.read.1.tlog
\\banner.main.ad.rit.edu\students\jad2828\IGMProfile\Desktop\hole-punch\Game\DirectX11_Starter\Debug\link.1684-cvtres.read.1.tlog
\\banner.main.ad.rit.edu\students\jad2828\IGMProfile\Desktop\hole-punch\Game\DirectX11_Starter\Debug\link.1244.write.1.tlog
\\banner.main.ad.rit.edu\students\jad2828\IGMProfile\Desktop\hole-punch\Game\DirectX11_Starter\Debug\link.6224.write.1.tlog
\\banner.main.ad.rit.edu\students\jad2828\IGMProfile\Desktop\hole-punch\Game\DirectX11_Starter\Debug\link.6224-rc.write.1.tlog
\\banner.main.ad.rit.edu\students\jad2828\IGMProfile\Desktop\hole-punch\Game\DirectX11_Starter\Debug\link.1684.write.1.tlog
\\banner.main.ad.rit.edu\students\jad2828\IGMProfile\Desktop\hole-punch\Game\DirectX11_Starter\Debug\link.6680.write.1.tlog
\\banner.main.ad.rit.edu\students\jad2828\IGMProfile\Desktop\hole-punch\Game\DirectX11_Starter\Debug\link.4960-rc.write.1.tlog
\\banner.main.ad.rit.edu\students\jad2828\IGMProfile\Desktop\hole-punch\Game\DirectX11_Starter\Debug\link.5912-cvtres.write.1.tlog
\\banner.main.ad.rit.edu\students\jad2828\IGMProfile\Desktop\hole-punch\Game\DirectX11_Starter\Debug\link-cvtres.write.1.tlog
\\banner.main.ad.rit.edu\students\jad2828\IGMProfile\Desktop\hole-punch\Game\DirectX11_Starter\Debug\link.6680-cvtres.write.1.tlog
\\banner.main.ad.rit.edu\students\jad2828\IGMProfile\Desktop\hole-punch\Game\DirectX11_Starter\Debug\link.7576-cvtres.write.1.tlog
\\banner.main.ad.rit.edu\students\jad2828\IGMProfile\Desktop\hole-punch\Game\DirectX11_Starter\Debug\link.2912.read.1.tlog
\\banner.main.ad.rit.edu\students\jad2828\IGMProfile\Desktop\hole-punch\Game\DirectX11_Starter\Debug\link.7360.read.1.tlog
\\banner.main.ad.rit.edu\students\jad2828\IGMProfile\Desktop\hole-punch\Game\DirectX11_Starter\Debug\link.7360-rc.read.1.tlog
\\banner.main.ad.rit.edu\students\jad2828\IGMProfile\Desktop\hole-punch\Game\DirectX11_Starter\Debug\link.5912-rc.read.1.tlog
\\banner.main.ad.rit.edu\students\jad2828\IGMProfile\Desktop\hole-punch\Game\DirectX11_Starter\Debug\link.7360-cvtres.read.1.tlog
\\banner.main.ad.rit.edu\students\jad2828\IGMProfile\Desktop\hole-punch\Game\DirectX11_Starter\Debug\link.5912-cvtres.read.1.tlog
\\banner.main.ad.rit.edu\students\jad2828\IGMProfile\Desktop\hole-punch\Game\DirectX11_Starter\Debug\link.4960-rc.read.1.tlog
\\banner.main.ad.rit.edu\students\jad2828\IGMProfile\Desktop\hole-punch\Game\DirectX11_Starter\Debug\CL.write.1.tlog
\\banner.main.ad.rit.edu\students\jad2828\IGMProfile\Desktop\hole-punch\Game\DirectX11_Starter\Debug\link.read.1.tlog
\\banner.main.ad.rit.edu\students\jad2828\IGMProfile\Desktop\hole-punch\Game\DirectX11_Starter\Debug\link.3080-rc.read.1.tlog
\\banner.main.ad.rit.edu\students\jad2828\IGMProfile\Desktop\hole-punch\Game\DirectX11_Starter\Debug\link.3080-rc.write.1.tlog
\\banner.main.ad.rit.edu\students\jad2828\IGMProfile\Desktop\hole-punch\Game\DirectX11_Starter\Debug\link.3080-cvtres.read.1.tlog
\\banner.main.ad.rit.edu\students\jad2828\IGMProfile\Desktop\hole-punch\Game\DirectX11_Starter\Debug\link.3080-cvtres.write.1.tlog
\\banner.main.ad.rit.edu\students\jad2828\IGMProfile\Desktop\hole-punch\Game\DirectX11_Starter\Debug\link.3080.write.1.tlog
\\banner.main.ad.rit.edu\students\jad2828\IGMProfile\Desktop\hole-punch\Game\DirectX11_Starter\Debug\link.4704.read.1.tlog
\\banner.main.ad.rit.edu\students\jad2828\IGMProfile\Desktop\hole-punch\Game\DirectX11_Starter\Debug\link.5036-rc.read.1.tlog
\\banner.main.ad.rit.edu\students\jad2828\IGMProfile\Desktop\hole-punch\Game\DirectX11_Starter\Debug\link.5036.write.1.tlog
\\banner.main.ad.rit.edu\students\jad2828\IGMProfile\Desktop\hole-punch\Game\DirectX11_Starter\Debug\link.5008-rc.read.1.tlog
\\banner.main.ad.rit.edu\students\jad2828\IGMProfile\Desktop\hole-punch\Game\DirectX11_Starter\Debug\link.5008-rc.write.1.tlog
\\banner.main.ad.rit.edu\students\jad2828\IGMProfile\Desktop\hole-punch\Game\DirectX11_Starter\Debug\link.5008-cvtres.read.1.tlog
\\banner.main.ad.rit.edu\students\jad2828\IGMProfile\Desktop\hole-punch\Game\DirectX11_Starter\Debug\link.5008-cvtres.write.1.tlog
\\banner.main.ad.rit.edu\students\jad2828\IGMProfile\Desktop\hole-punch\Game\DirectX11_Starter\Debug\link.5008.read.1.tlog
\\banner.main.ad.rit.edu\students\jad2828\IGMProfile\Desktop\hole-punch\Game\DirectX11_Starter\Debug\link.5008.write.1.tlog
\\banner.main.ad.rit.edu\students\jad2828\IGMProfile\Desktop\hole-punch\Game\DirectX11_Starter\Debug\link.1220-cvtres.write.1.tlog
\\banner.main.ad.rit.edu\students\jad2828\IGMProfile\Desktop\hole-punch\Game\DirectX11_Starter\Debug\link.1220-rc.read.1.tlog
\\banner.main.ad.rit.edu\students\jad2828\IGMProfile\Desktop\hole-punch\Game\DirectX11_Starter\Debug\link.8520-rc.write.1.tlog
\\banner.main.ad.rit.edu\students\jad2828\IGMProfile\Desktop\hole-punch\Game\DirectX11_Starter\Debug\link.1220.read.1.tlog
\\banner.main.ad.rit.edu\students\jad2828\IGMProfile\Desktop\hole-punch\Game\DirectX11_Starter\Debug\link.8520-cvtres.read.1.tlog
\\banner.main.ad.rit.edu\students\jad2828\IGMProfile\Desktop\hole-punch\Game\DirectX11_Starter\Debug\link.21484-rc.read.1.tlog
\\banner.main.ad.rit.edu\students\jad2828\IGMProfile\Desktop\hole-punch\Game\DirectX11_Starter\Debug\link.31604-cvtres.write.1.tlog
\\banner.main.ad.rit.edu\students\jad2828\IGMProfile\Desktop\hole-punch\Game\DirectX11_Starter\Debug\link.31604.read.1.tlog
\\banner.main.ad.rit.edu\students\jad2828\IGMProfile\Desktop\hole-punch\Game\DirectX11_Starter\Debug\link.31604-rc.write.1.tlog
\\banner.main.ad.rit.edu\students\jad2828\IGMProfile\Desktop\hole-punch\Game\DirectX11_Starter\Debug\link.31604-rc.read.1.tlog
\\banner.main.ad.rit.edu\students\jad2828\IGMProfile\Desktop\hole-punch\Game\DirectX11_Starter\Debug\link.31604.write.1.tlog
\\banner.main.ad.rit.edu\students\jad2828\IGMProfile\Desktop\hole-punch\Game\DirectX11_Starter\Debug\link.4704-rc.write.1.tlog
\\banner.main.ad.rit.edu\students\jad2828\IGMProfile\Desktop\hole-punch\Game\DirectX11_Starter\Debug\link.4704.write.1.tlog
\\banner.main.ad.rit.edu\students\jad2828\IGMProfile\Desktop\hole-punch\Game\DirectX11_Starter\Debug\link.5036-cvtres.read.1.tlog
\\banner.main.ad.rit.edu\students\jad2828\IGMProfile\Desktop\hole-punch\Game\DirectX11_Starter\Debug\link.3428-rc.read.1.tlog
\\banner.main.ad.rit.edu\students\jad2828\IGMProfile\Desktop\hole-punch\Game\DirectX11_Starter\Debug\link.3428-rc.write.1.tlog
\\banner.main.ad.rit.edu\students\jad2828\IGMProfile\Desktop\hole-punch\Game\DirectX11_Starter\Debug\link.3428-cvtres.read.1.tlog
\\banner.main.ad.rit.edu\students\jad2828\IGMProfile\Desktop\hole-punch\Game\DirectX11_Starter\Debug\link.3428-cvtres.write.1.tlog
\\banner.main.ad.rit.edu\students\jad2828\IGMProfile\Desktop\hole-punch\Game\DirectX11_Starter\Debug\link.3428.read.1.tlog
\\banner.main.ad.rit.edu\students\jad2828\IGMProfile\Desktop\hole-punch\Game\DirectX11_Starter\Debug\link.3428.write.1.tlog
\\banner.main.ad.rit.edu\students\jad2828\IGMProfile\Desktop\hole-punch\Game\DirectX11_Starter\Debug\link.4704-cvtres.read.1.tlog
\\banner.main.ad.rit.edu\students\jad2828\IGMProfile\Desktop\hole-punch\Game\DirectX11_Starter\Debug\link.5036.read.1.tlog
\\banner.main.ad.rit.edu\students\jad2828\IGMProfile\Desktop\hole-punch\Game\DirectX11_Starter\Debug\link.5036-cvtres.write.1.tlog
\\banner.main.ad.rit.edu\students\jad2828\IGMProfile\Desktop\hole-punch\Game\DirectX11_Starter\Debug\link.8520.write.1.tlog
\\banner.main.ad.rit.edu\students\jad2828\IGMProfile\Desktop\hole-punch\Game\DirectX11_Starter\Debug\link.3336.read.1.tlog
\\banner.main.ad.rit.edu\students\jad2828\IGMProfile\Desktop\hole-punch\Game\DirectX11_Starter\Debug\link.8520-cvtres.write.1.tlog
\\banner.main.ad.rit.edu\students\jad2828\IGMProfile\Desktop\hole-punch\Game\DirectX11_Starter\Debug\link.8520.read.1.tlog
\\banner.main.ad.rit.edu\students\jad2828\IGMProfile\Desktop\hole-punch\Game\DirectX11_Starter\Debug\link.1220.write.1.tlog
\\banner.main.ad.rit.edu\students\jad2828\IGMProfile\Desktop\hole-punch\Game\DirectX11_Starter\Debug\link.1220-rc.write.1.tlog
\\banner.main.ad.rit.edu\students\jad2828\IGMProfile\Desktop\hole-punch\Game\DirectX11_Starter\Debug\link.3336-rc.write.1.tlog
\\banner.main.ad.rit.edu\students\jad2828\IGMProfile\Desktop\hole-punch\Game\DirectX11_Starter\Debug\link.3336-rc.read.1.tlog
\\banner.main.ad.rit.edu\students\jad2828\IGMProfile\Desktop\hole-punch\Game\DirectX11_Starter\Debug\link.3336-cvtres.read.1.tlog
\\banner.main.ad.rit.edu\students\jad2828\IGMProfile\Desktop\hole-punch\Game\DirectX11_Starter\Debug\link.3336.write.1.tlog
\\banner.main.ad.rit.edu\students\jad2828\IGMProfile\Desktop\hole-punch\Game\DirectX11_Starter\Debug\link.1220-cvtres.read.1.tlog
\\banner.main.ad.rit.edu\students\jad2828\IGMProfile\Desktop\hole-punch\Game\DirectX11_Starter\Debug\link.3336-cvtres.write.1.tlog
\\banner.main.ad.rit.edu\students\jad2828\IGMProfile\Desktop\hole-punch\Game\DirectX11_Starter\Debug\link.8520-rc.read.1.tlog
\\banner.main.ad.rit.edu\students\jad2828\IGMProfile\Desktop\hole-punch\Game\DirectX11_Starter\Debug\link.21484-cvtres.read.1.tlog
\\banner.main.ad.rit.edu\students\jad2828\IGMProfile\Desktop\hole-punch\Game\DirectX11_Starter\Debug\link.21484.write.1.tlog
\\banner.main.ad.rit.edu\students\jad2828\IGMProfile\Desktop\hole-punch\Game\DirectX11_Starter\Debug\link.31604-cvtres.read.1.tlog
\\banner.main.ad.rit.edu\students\jad2828\IGMProfile\Desktop\hole-punch\Game\DirectX11_Starter\Debug\link.21484-rc.write.1.tlog
\\banner.main.ad.rit.edu\students\jad2828\IGMProfile\Desktop\hole-punch\Game\DirectX11_Starter\Debug\link.21484-cvtres.write.1.tlog
\\banner.main.ad.rit.edu\students\jad2828\IGMProfile\Desktop\hole-punch\Game\DirectX11_Starter\Debug\link.21484.read.1.tlog
\\banner.main.ad.rit.edu\students\jad2828\IGMProfile\Desktop\hole-punch\Game\DirectX11_Starter\Debug\link.4704-rc.read.1.tlog
\\banner.main.ad.rit.edu\students\jad2828\IGMProfile\Desktop\hole-punch\Game\DirectX11_Starter\Debug\link.4704-cvtres.write.1.tlog
\\banner.main.ad.rit.edu\students\jad2828\IGMProfile\Desktop\hole-punch\Game\DirectX11_Starter\Debug\link.5036-rc.write.1.tlog
\\banner.main.ad.rit.edu\students\jad2828\IGMProfile\Desktop\hole-punch\Game\DirectX11_Starter\Debug\vc110.idb
\\banner.main.ad.rit.edu\students\jad2828\IGMProfile\Desktop\hole-punch\Game\DirectX11_Starter\Debug\vc110.pdb
\\banner.main.ad.rit.edu\students\jad2828\IGMProfile\Desktop\hole-punch\Game\Debug\DirectX11_Starter.pdb
\\banner.main.ad.rit.edu\students\jad2828\IGMProfile\Desktop\hole-punch\Game\Debug\DirectX11_Starter.exe
\\banner.main.ad.rit.edu\students\jad2828\IGMProfile\Desktop\hole-punch\Game\Debug\DirectX11_Starter.ilk
