Build started 10/3/2013 1:11:08 PM.
     1>Project "\\banner.main.ad.rit.edu\students\jad2828\IGMProfile\Desktop\hole-punch\Game\DirectX11_Starter\DirectX11_Starter.vcxproj" on node 2 (Rebuild target(s)).
     1>FxCompile:
         C:\Program Files (x86)\Windows Kits\8.0\bin\x86\fxc.exe /nologo /E"main" /T ps_4_0_level_9_3 /Fo "\\banner.main.ad.rit.edu\students\jad2828\IGMProfile\Desktop\hole-punch\Game\Debug\PixelShader.cso" /Od /Zi Shaders\PixelShader.hlsl 
         compilation object save succeeded; see \\banner.main.ad.rit.edu\students\jad2828\IGMProfile\Desktop\hole-punch\Game\Debug\PixelShader.cso
         C:\Program Files (x86)\Windows Kits\8.0\bin\x86\fxc.exe /nologo /E"main" /T vs_4_0_level_9_3 /Fo "\\banner.main.ad.rit.edu\students\jad2828\IGMProfile\Desktop\hole-punch\Game\Debug\VertexShader.cso" /Od /Zi Shaders\VertexShader.hlsl 
         compilation object save succeeded; see \\banner.main.ad.rit.edu\students\jad2828\IGMProfile\Desktop\hole-punch\Game\Debug\VertexShader.cso
       ClCompile:
         C:\Program Files (x86)\Microsoft Visual Studio 11.0\VC\bin\CL.exe /c /I"\\banner.main.ad.rit.edu\students\jad2828\IGMProfile\Desktop\hole-punch\Game\DirectX11_Starter\DirectXTK\Inc" /ZI /nologo /W3 /WX- /sdl /Od /Oy- /D _UNICODE /D UNICODE /Gm /EHsc /RTC1 /MDd /GS /fp:precise /Zc:wchar_t /Zc:forScope /Fo"Debug\\" /Fd"Debug\vc110.pdb" /Gd /TP /analyze- /errorReport:prompt DemoGame.cpp DirectXTK\Src\AlphaTestEffect.cpp DirectXTK\Src\BasicEffect.cpp DirectXTK\Src\BinaryReader.cpp DirectXTK\Src\CommonStates.cpp DirectXTK\Src\DDSTextureLoader.cpp DirectXTK\Src\DualTextureEffect.cpp DirectXTK\Src\EffectCommon.cpp DirectXTK\Src\EffectFactory.cpp DirectXTK\Src\EnvironmentMapEffect.cpp DirectXTK\Src\GeometricPrimitive.cpp DirectXTK\Src\Model.cpp DirectXTK\Src\ModelLoadCMO.cpp DirectXTK\Src\ModelLoadSDKMESH.cpp DirectXTK\Src\pch.cpp DirectXTK\Src\PrimitiveBatch.cpp DirectXTK\Src\ScreenGrab.cpp DirectXTK\Src\SkinnedEffect.cpp DirectXTK\Src\SpriteBatch.cpp DirectXTK\Src\SpriteFont.cpp DirectXTK\Src\VertexTypes.cpp DirectXTK\Src\WICTextureLoader.cpp DXGame.cpp GameTimer.cpp
         GameTimer.cpp
         DXGame.cpp
         WICTextureLoader.cpp
         VertexTypes.cpp
         SpriteFont.cpp
         SpriteBatch.cpp
         SkinnedEffect.cpp
         ScreenGrab.cpp
         PrimitiveBatch.cpp
         pch.cpp
         ModelLoadSDKMESH.cpp
         ModelLoadCMO.cpp
         Model.cpp
         GeometricPrimitive.cpp
         EnvironmentMapEffect.cpp
         EffectFactory.cpp
         EffectCommon.cpp
         DualTextureEffect.cpp
         DDSTextureLoader.cpp
         CommonStates.cpp
         Generating Code...
         Compiling...
         BinaryReader.cpp
         BasicEffect.cpp
         AlphaTestEffect.cpp
         DemoGame.cpp
     1>\\banner.main.ad.rit.edu\students\jad2828\igmprofile\desktop\hole-punch\game\directx11_starter\demogame.cpp(334): warning C4244: 'argument' : conversion from 'int' to 'float', possible loss of data
         Generating Code...
       Link:
         C:\Program Files (x86)\Microsoft Visual Studio 11.0\VC\bin\link.exe /ERRORREPORT:PROMPT /OUT:"\\banner.main.ad.rit.edu\students\jad2828\IGMProfile\Desktop\hole-punch\Game\Debug\DirectX11_Starter.exe" /INCREMENTAL /NOLOGO d3d11.lib d3dcompiler.lib kernel32.lib user32.lib gdi32.lib winspool.lib comdlg32.lib advapi32.lib shell32.lib ole32.lib oleaut32.lib uuid.lib odbc32.lib odbccp32.lib /MANIFEST /MANIFESTUAC:"level='asInvoker' uiAccess='false'" /manifest:embed /DEBUG /PDB:"\\banner.main.ad.rit.edu\students\jad2828\IGMProfile\Desktop\hole-punch\Game\Debug\DirectX11_Starter.pdb" /TLBID:1 /DYNAMICBASE /NXCOMPAT /IMPLIB:"\\banner.main.ad.rit.edu\students\jad2828\IGMProfile\Desktop\hole-punch\Game\Debug\DirectX11_Starter.lib" /MACHINE:X86 Debug\DemoGame.obj
         Debug\AlphaTestEffect.obj
         Debug\BasicEffect.obj
         Debug\BinaryReader.obj
         Debug\CommonStates.obj
         Debug\DDSTextureLoader.obj
         Debug\DualTextureEffect.obj
         Debug\EffectCommon.obj
         Debug\EffectFactory.obj
         Debug\EnvironmentMapEffect.obj
         Debug\GeometricPrimitive.obj
         Debug\Model.obj
         Debug\ModelLoadCMO.obj
         Debug\ModelLoadSDKMESH.obj
         Debug\pch.obj
         Debug\PrimitiveBatch.obj
         Debug\ScreenGrab.obj
         Debug\SkinnedEffect.obj
         Debug\SpriteBatch.obj
         Debug\SpriteFont.obj
         Debug\VertexTypes.obj
         Debug\WICTextureLoader.obj
         Debug\DXGame.obj
         Debug\GameTimer.obj
         "\\banner.main.ad.rit.edu\students\jad2828\IGMProfile\Desktop\hole-punch\Game\DirectX11_Starter\DirectXTK\Bin\Desktop_2012\Win32\Debug\DirectXTK.lib"
         DirectX11_Starter.vcxproj -> \\banner.main.ad.rit.edu\students\jad2828\IGMProfile\Desktop\hole-punch\Game\Debug\DirectX11_Starter.exe
     1>Done Building Project "\\banner.main.ad.rit.edu\students\jad2828\IGMProfile\Desktop\hole-punch\Game\DirectX11_Starter\DirectX11_Starter.vcxproj" (Rebuild target(s)).

Build succeeded.

Time Elapsed 00:01:43.65
