C:\USERS\JOSHUA\DESKTOP\HOLE-PUNCH\HOLEPUNCHTHATWORKS\HOLEPUNCH\DEBUG\CAMERACLASS.OBJ
C:\USERS\JOSHUA\DESKTOP\HOLE-PUNCH\HOLEPUNCHTHATWORKS\HOLEPUNCH\DEBUG\COLORSHADERCLASS.OBJ
C:\USERS\JOSHUA\DESKTOP\HOLE-PUNCH\HOLEPUNCHTHATWORKS\HOLEPUNCH\DEBUG\D3DCLASS.OBJ
C:\USERS\JOSHUA\DESKTOP\HOLE-PUNCH\HOLEPUNCHTHATWORKS\HOLEPUNCH\DEBUG\GRAPHICSCLASS.OBJ
C:\USERS\JOSHUA\DESKTOP\HOLE-PUNCH\HOLEPUNCHTHATWORKS\HOLEPUNCH\DEBUG\INPUTCLASS.OBJ
C:\USERS\JOSHUA\DESKTOP\HOLE-PUNCH\HOLEPUNCHTHATWORKS\HOLEPUNCH\DEBUG\LIGHTCLASS.OBJ
C:\USERS\JOSHUA\DESKTOP\HOLE-PUNCH\HOLEPUNCHTHATWORKS\HOLEPUNCH\DEBUG\LIGHTSHADERCLASS.OBJ
C:\USERS\JOSHUA\DESKTOP\HOLE-PUNCH\HOLEPUNCHTHATWORKS\HOLEPUNCH\DEBUG\MAIN.OBJ
C:\USERS\JOSHUA\DESKTOP\HOLE-PUNCH\HOLEPUNCHTHATWORKS\HOLEPUNCH\DEBUG\MODELCLASS.OBJ
C:\USERS\JOSHUA\DESKTOP\HOLE-PUNCH\HOLEPUNCHTHATWORKS\HOLEPUNCH\DEBUG\SYSTEMCLASS.OBJ
C:\USERS\JOSHUA\DESKTOP\HOLE-PUNCH\HOLEPUNCHTHATWORKS\HOLEPUNCH\DEBUG\TEXTURECLASS.OBJ
C:\USERS\JOSHUA\DESKTOP\HOLE-PUNCH\HOLEPUNCHTHATWORKS\HOLEPUNCH\DEBUG\VC110.PDB
C:\USERS\JOSHUA\DESKTOP\HOLE-PUNCH\HOLEPUNCHTHATWORKS\HOLEPUNCH\DEBUG\HOLEPUNCH.RES
C:\Users\Joshua\Desktop\hole-punch\HolePunchThatWOrks\HolePunch\Debug\cameraclass.obj
C:\Users\Joshua\Desktop\hole-punch\HolePunchThatWOrks\HolePunch\Debug\colorshaderclass.obj
C:\Users\Joshua\Desktop\hole-punch\HolePunchThatWOrks\HolePunch\Debug\d3dclass.obj
C:\Users\Joshua\Desktop\hole-punch\HolePunchThatWOrks\HolePunch\Debug\graphicsclass.obj
C:\Users\Joshua\Desktop\hole-punch\HolePunchThatWOrks\HolePunch\Debug\inputclass.obj
C:\Users\Joshua\Desktop\hole-punch\HolePunchThatWOrks\HolePunch\Debug\lightclass.obj
C:\Users\Joshua\Desktop\hole-punch\HolePunchThatWOrks\HolePunch\Debug\lightshaderclass.obj
C:\Users\Joshua\Desktop\hole-punch\HolePunchThatWOrks\HolePunch\Debug\main.obj
C:\Users\Joshua\Desktop\hole-punch\HolePunchThatWOrks\HolePunch\Debug\modelclass.obj
C:\Users\Joshua\Desktop\hole-punch\HolePunchThatWOrks\HolePunch\Debug\systemclass.obj
C:\Users\Joshua\Desktop\hole-punch\HolePunchThatWOrks\HolePunch\Debug\textureclass.obj
C:\Users\Joshua\Desktop\hole-punch\HolePunchThatWOrks\HolePunch\Debug\textureshaderclass.obj
C:\Users\Joshua\Desktop\hole-punch\HolePunchThatWOrks\HolePunch\Debug\cl.command.1.tlog
C:\Users\Joshua\Desktop\hole-punch\HolePunchThatWOrks\HolePunch\Debug\CL.read.1.tlog
C:\Users\Joshua\Desktop\hole-punch\HolePunchThatWOrks\HolePunch\Debug\CL.write.1.tlog
C:\Users\Joshua\Desktop\hole-punch\HolePunchThatWOrks\HolePunch\Debug\link-cvtres.read.1.tlog
C:\Users\Joshua\Desktop\hole-punch\HolePunchThatWOrks\HolePunch\Debug\link-cvtres.write.1.tlog
C:\Users\Joshua\Desktop\hole-punch\HolePunchThatWOrks\HolePunch\Debug\link-rc.read.1.tlog
C:\Users\Joshua\Desktop\hole-punch\HolePunchThatWOrks\HolePunch\Debug\link-rc.write.1.tlog
C:\Users\Joshua\Desktop\hole-punch\HolePunchThatWOrks\HolePunch\Debug\link.command.1.tlog
C:\Users\Joshua\Desktop\hole-punch\HolePunchThatWOrks\HolePunch\Debug\link.read.1.tlog
C:\Users\Joshua\Desktop\hole-punch\HolePunchThatWOrks\HolePunch\Debug\link.write.1.tlog
C:\Users\Joshua\Desktop\hole-punch\HolePunchThatWOrks\HolePunch\Debug\rc.command.1.tlog
C:\Users\Joshua\Desktop\hole-punch\HolePunchThatWOrks\HolePunch\Debug\rc.read.1.tlog
C:\Users\Joshua\Desktop\hole-punch\HolePunchThatWOrks\HolePunch\Debug\rc.write.1.tlog
C:\Users\Joshua\Desktop\hole-punch\HolePunchThatWOrks\HolePunch\Debug\HolePunch.res
C:\Users\Joshua\Desktop\hole-punch\HolePunchThatWOrks\HolePunch\Debug\vc110.idb
C:\Users\Joshua\Desktop\hole-punch\HolePunchThatWOrks\HolePunch\Debug\vc120.idb
C:\Users\Joshua\Desktop\hole-punch\HolePunchThatWOrks\HolePunch\Debug\vc110.pdb
C:\Users\Joshua\Desktop\hole-punch\HolePunchThatWOrks\HolePunch\Debug\vc120.pdb
C:\Users\Joshua\Desktop\hole-punch\HolePunchThatWOrks\Debug\HolePunch.pdb
