Build started 11/13/2013 6:28:43 PM.
     1>Project "C:\Users\Josh\Desktop\hole-punch\HolePunch\HolePunch.vcxproj" on node 2 (Build target(s)).
       Project file contains ToolsVersion="12.0". This toolset may be unknown or missing, in which case you may be able to resolve this by installing the appropriate version of MSBuild, or the build may have been forced to a particular ToolsVersion for policy reasons. Treating the project as if it had ToolsVersion="4.0". For more information, please see http://go.microsoft.com/fwlink/?LinkId=291333.
     1>ClCompile:
         C:\Program Files (x86)\Microsoft Visual Studio 11.0\VC\bin\CL.exe /c /ZI /nologo /W3 /WX- /sdl /Od /Oy- /D _UNICODE /D UNICODE /Gm /EHsc /RTC1 /MDd /GS /fp:precise /Zc:wchar_t /Zc:forScope /Fo"Debug\\" /Fd"Debug\vc110.pdb" /Gd /TP /analyze- /errorReport:prompt cameraclass.cpp colorshaderclass.cpp d3dclass.cpp graphicsclass.cpp inputclass.cpp lightshaderclass.cpp main.cpp modelclass.cpp systemclass.cpp textureclass.cpp
         textureclass.cpp
     1>c:\users\josh\desktop\hole-punch\holepunch\textureclass.cpp(24): error C3861: 'D3D11CreateShaderResourceViewFromFile': identifier not found
         systemclass.cpp
     1>c:\users\josh\desktop\hole-punch\holepunch\cameraclass.h(33): error C2719: 'unnamed-parameter': formal parameter with __declspec(align('16')) won't be aligned
     1>c:\users\josh\desktop\hole-punch\holepunch\lightshaderclass.h(48): error C2719: 'unnamed-parameter': formal parameter with __declspec(align('16')) won't be aligned
     1>c:\users\josh\desktop\hole-punch\holepunch\lightshaderclass.h(55): error C2719: 'unnamed-parameter': formal parameter with __declspec(align('16')) won't be aligned
         main.cpp
     1>c:\users\josh\desktop\hole-punch\holepunch\cameraclass.h(33): error C2719: 'unnamed-parameter': formal parameter with __declspec(align('16')) won't be aligned
     1>c:\users\josh\desktop\hole-punch\holepunch\lightshaderclass.h(48): error C2719: 'unnamed-parameter': formal parameter with __declspec(align('16')) won't be aligned
     1>c:\users\josh\desktop\hole-punch\holepunch\lightshaderclass.h(55): error C2719: 'unnamed-parameter': formal parameter with __declspec(align('16')) won't be aligned
         lightshaderclass.cpp
     1>c:\users\josh\desktop\hole-punch\holepunch\lightshaderclass.h(48): error C2719: 'unnamed-parameter': formal parameter with __declspec(align('16')) won't be aligned
     1>c:\users\josh\desktop\hole-punch\holepunch\lightshaderclass.h(55): error C2719: 'unnamed-parameter': formal parameter with __declspec(align('16')) won't be aligned
     1>c:\users\josh\desktop\hole-punch\holepunch\lightshaderclass.cpp(47): error C2719: 'worldMatrix': formal parameter with __declspec(align('16')) won't be aligned
     1>c:\users\josh\desktop\hole-punch\holepunch\lightshaderclass.cpp(47): error C2719: 'viewMatrix': formal parameter with __declspec(align('16')) won't be aligned
     1>c:\users\josh\desktop\hole-punch\holepunch\lightshaderclass.cpp(47): error C2719: 'projectionMatrix': formal parameter with __declspec(align('16')) won't be aligned
     1>c:\users\josh\desktop\hole-punch\holepunch\lightshaderclass.cpp(84): error C3861: 'D3DX11CompileFromFile': identifier not found
     1>c:\users\josh\desktop\hole-punch\holepunch\lightshaderclass.cpp(103): error C3861: 'D3DX11CompileFromFile': identifier not found
     1>c:\users\josh\desktop\hole-punch\holepunch\lightshaderclass.cpp(318): error C2719: 'worldMatrix': formal parameter with __declspec(align('16')) won't be aligned
     1>c:\users\josh\desktop\hole-punch\holepunch\lightshaderclass.cpp(318): error C2719: 'viewMatrix': formal parameter with __declspec(align('16')) won't be aligned
     1>c:\users\josh\desktop\hole-punch\holepunch\lightshaderclass.cpp(318): error C2719: 'projectionMatrix': formal parameter with __declspec(align('16')) won't be aligned
         graphicsclass.cpp
     1>c:\users\josh\desktop\hole-punch\holepunch\cameraclass.h(33): error C2719: 'unnamed-parameter': formal parameter with __declspec(align('16')) won't be aligned
     1>c:\users\josh\desktop\hole-punch\holepunch\lightshaderclass.h(48): error C2719: 'unnamed-parameter': formal parameter with __declspec(align('16')) won't be aligned
     1>c:\users\josh\desktop\hole-punch\holepunch\lightshaderclass.h(55): error C2719: 'unnamed-parameter': formal parameter with __declspec(align('16')) won't be aligned
     1>c:\users\josh\desktop\hole-punch\holepunch\graphicsclass.cpp(29): error C2059: syntax error : '{'
     1>c:\users\josh\desktop\hole-punch\holepunch\graphicsclass.cpp(29): error C2143: syntax error : missing ';' before '{'
     1>c:\users\josh\desktop\hole-punch\holepunch\graphicsclass.cpp(29): error C2143: syntax error : missing ';' before '}'
     1>c:\users\josh\desktop\hole-punch\holepunch\graphicsclass.cpp(181): warning C4018: '<' : signed/unsigned mismatch
         d3dclass.cpp
     1>c:\users\josh\desktop\hole-punch\holepunch\d3dclass.cpp(335): error C2065: 'D3DX_PI' : undeclared identifier
         colorshaderclass.cpp
     1>c:\users\josh\desktop\hole-punch\holepunch\colorshaderclass.h(39): error C2719: 'unnamed-parameter': formal parameter with __declspec(align('16')) won't be aligned
     1>c:\users\josh\desktop\hole-punch\holepunch\colorshaderclass.h(46): error C2719: 'unnamed-parameter': formal parameter with __declspec(align('16')) won't be aligned
     1>c:\users\josh\desktop\hole-punch\holepunch\colorshaderclass.cpp(48): error C2719: 'worldMatrix': formal parameter with __declspec(align('16')) won't be aligned
     1>c:\users\josh\desktop\hole-punch\holepunch\colorshaderclass.cpp(48): error C2719: 'viewMatrix': formal parameter with __declspec(align('16')) won't be aligned
     1>c:\users\josh\desktop\hole-punch\holepunch\colorshaderclass.cpp(48): error C2719: 'projectionMatrix': formal parameter with __declspec(align('16')) won't be aligned
     1>c:\users\josh\desktop\hole-punch\holepunch\colorshaderclass.cpp(83): error C3861: 'D3DCompileFromFile': identifier not found
     1>c:\users\josh\desktop\hole-punch\holepunch\colorshaderclass.cpp(102): error C3861: 'D3DCompileFromFile': identifier not found
     1>c:\users\josh\desktop\hole-punch\holepunch\colorshaderclass.cpp(261): error C2719: 'worldMatrix': formal parameter with __declspec(align('16')) won't be aligned
     1>c:\users\josh\desktop\hole-punch\holepunch\colorshaderclass.cpp(261): error C2719: 'viewMatrix': formal parameter with __declspec(align('16')) won't be aligned
     1>c:\users\josh\desktop\hole-punch\holepunch\colorshaderclass.cpp(261): error C2719: 'projectionMatrix': formal parameter with __declspec(align('16')) won't be aligned
         cameraclass.cpp
     1>c:\users\josh\desktop\hole-punch\holepunch\cameraclass.h(33): error C2719: 'unnamed-parameter': formal parameter with __declspec(align('16')) won't be aligned
     1>c:\users\josh\desktop\hole-punch\holepunch\cameraclass.cpp(98): error C2719: 'viewMatrix': formal parameter with __declspec(align('16')) won't be aligned
         Generating Code...
         Compiling...
         inputclass.cpp
         Generating Code...
         Compiling...
         modelclass.cpp
         Generating Code...
     1>Done Building Project "C:\Users\Josh\Desktop\hole-punch\HolePunch\HolePunch.vcxproj" (Build target(s)) -- FAILED.

Build FAILED.

Time Elapsed 00:00:11.56
