Build started 9/18/2013 10:20:43 PM.
     1>Project "C:\Users\Hillary\Desktop\School\hole-punch\DirectX11_Starter\DirectX11_Starter\DirectX11_Starter\DirectX11_Starter.vcxproj" on node 2 (Build target(s)).
     1>FxCompile:
         C:\Program Files (x86)\Windows Kits\8.0\bin\x86\fxc.exe /nologo /E"main" /T ps_4_0_level_9_3 /Fo "C:\Users\Hillary\Desktop\School\hole-punch\DirectX11_Starter\DirectX11_Starter\Debug\PixelShader.cso" /Od /Zi Shaders\PixelShader.hlsl 
         compilation object save succeeded; see C:\Users\Hillary\Desktop\School\hole-punch\DirectX11_Starter\DirectX11_Starter\Debug\PixelShader.cso
         C:\Program Files (x86)\Windows Kits\8.0\bin\x86\fxc.exe /nologo /E"main" /T vs_4_0_level_9_3 /Fo "C:\Users\Hillary\Desktop\School\hole-punch\DirectX11_Starter\DirectX11_Starter\Debug\VertexShader.cso" /Od /Zi Shaders\VertexShader.hlsl 
         compilation object save succeeded; see C:\Users\Hillary\Desktop\School\hole-punch\DirectX11_Starter\DirectX11_Starter\Debug\VertexShader.cso
       ClCompile:
         C:\Program Files (x86)\Microsoft Visual Studio 11.0\VC\bin\CL.exe /c /ZI /nologo /W3 /WX- /sdl /Od /Oy- /D _UNICODE /D UNICODE /Gm /EHsc /RTC1 /MDd /GS /fp:precise /Zc:wchar_t /Zc:forScope /Fo"Debug\\" /Fd"Debug\vc110.pdb" /Gd /TP /analyze- /errorReport:prompt DemoGame.cpp DXGame.cpp GameTimer.cpp
         GameTimer.cpp
         DXGame.cpp
         DemoGame.cpp
         Generating Code...
       Link:
         C:\Program Files (x86)\Microsoft Visual Studio 11.0\VC\bin\link.exe /ERRORREPORT:PROMPT /OUT:"C:\Users\Hillary\Desktop\School\hole-punch\DirectX11_Starter\DirectX11_Starter\Debug\DirectX11_Starter.exe" /INCREMENTAL /NOLOGO d3d11.lib d3dcompiler.lib kernel32.lib user32.lib gdi32.lib winspool.lib comdlg32.lib advapi32.lib shell32.lib ole32.lib oleaut32.lib uuid.lib odbc32.lib odbccp32.lib /MANIFEST /MANIFESTUAC:"level='asInvoker' uiAccess='false'" /manifest:embed /DEBUG /PDB:"C:\Users\Hillary\Desktop\School\hole-punch\DirectX11_Starter\DirectX11_Starter\Debug\DirectX11_Starter.pdb" /TLBID:1 /DYNAMICBASE /NXCOMPAT /IMPLIB:"C:\Users\Hillary\Desktop\School\hole-punch\DirectX11_Starter\DirectX11_Starter\Debug\DirectX11_Starter.lib" /MACHINE:X86 Debug\DemoGame.obj
         Debug\DXGame.obj
         Debug\GameTimer.obj
         DirectX11_Starter.vcxproj -> C:\Users\Hillary\Desktop\School\hole-punch\DirectX11_Starter\DirectX11_Starter\Debug\DirectX11_Starter.exe
     1>Done Building Project "C:\Users\Hillary\Desktop\School\hole-punch\DirectX11_Starter\DirectX11_Starter\DirectX11_Starter\DirectX11_Starter.vcxproj" (Build target(s)).

Build succeeded.

Time Elapsed 00:00:14.58
